{"C:\\Users\\Utilisateur\\Documents\\Simplon\\opossum-mobile\\src\\config\\api.ts": {"path":"C:\\Users\\Utilisateur\\Documents\\Simplon\\opossum-mobile\\src\\config\\api.ts","statementMap":{"0":{"start":{"line":3,"column":28},"end":{"line":3,"column":44}},"1":{"start":{"line":7,"column":30},"end":{"line":14,"column":1}},"2":{"start":{"line":17,"column":30},"end":{"line":23,"column":1}},"3":{"start":{"line":18,"column":34},"end":{"line":18,"column":98}},"4":{"start":{"line":26,"column":34},"end":{"line":35,"column":1}},"5":{"start":{"line":29,"column":38},"end":{"line":29,"column":70}},"6":{"start":{"line":31,"column":26},"end":{"line":31,"column":65}},"7":{"start":{"line":32,"column":26},"end":{"line":32,"column":65}},"8":{"start":{"line":38,"column":33},"end":{"line":47,"column":3}},"9":{"start":{"line":40,"column":39},"end":{"line":40,"column":86}},"10":{"start":{"line":41,"column":43},"end":{"line":41,"column":115}},"11":{"start":{"line":42,"column":47},"end":{"line":42,"column":109}},"12":{"start":{"line":43,"column":52},"end":{"line":43,"column":119}},"13":{"start":{"line":44,"column":42},"end":{"line":44,"column":105}},"14":{"start":{"line":45,"column":40},"end":{"line":45,"column":86}},"15":{"start":{"line":46,"column":40},"end":{"line":46,"column":86}}},"fnMap":{"0":{"name":"(anonymous_0)","decl":{"start":{"line":18,"column":15},"end":{"line":18,"column":16}},"loc":{"start":{"line":18,"column":34},"end":{"line":18,"column":98}},"line":18},"1":{"name":"(anonymous_1)","decl":{"start":{"line":29,"column":22},"end":{"line":29,"column":23}},"loc":{"start":{"line":29,"column":38},"end":{"line":29,"column":70}},"line":29},"2":{"name":"(anonymous_2)","decl":{"start":{"line":31,"column":10},"end":{"line":31,"column":11}},"loc":{"start":{"line":31,"column":26},"end":{"line":31,"column":65}},"line":31},"3":{"name":"(anonymous_3)","decl":{"start":{"line":32,"column":10},"end":{"line":32,"column":11}},"loc":{"start":{"line":32,"column":26},"end":{"line":32,"column":65}},"line":32},"4":{"name":"(anonymous_4)","decl":{"start":{"line":40,"column":16},"end":{"line":40,"column":17}},"loc":{"start":{"line":40,"column":39},"end":{"line":40,"column":86}},"line":40},"5":{"name":"(anonymous_5)","decl":{"start":{"line":41,"column":15},"end":{"line":41,"column":16}},"loc":{"start":{"line":41,"column":43},"end":{"line":41,"column":115}},"line":41},"6":{"name":"(anonymous_6)","decl":{"start":{"line":42,"column":24},"end":{"line":42,"column":25}},"loc":{"start":{"line":42,"column":47},"end":{"line":42,"column":109}},"line":42},"7":{"name":"(anonymous_7)","decl":{"start":{"line":43,"column":24},"end":{"line":43,"column":25}},"loc":{"start":{"line":43,"column":52},"end":{"line":43,"column":119}},"line":43},"8":{"name":"(anonymous_8)","decl":{"start":{"line":44,"column":14},"end":{"line":44,"column":15}},"loc":{"start":{"line":44,"column":42},"end":{"line":44,"column":105}},"line":44},"9":{"name":"(anonymous_9)","decl":{"start":{"line":45,"column":17},"end":{"line":45,"column":18}},"loc":{"start":{"line":45,"column":40},"end":{"line":45,"column":86}},"line":45},"10":{"name":"(anonymous_10)","decl":{"start":{"line":46,"column":17},"end":{"line":46,"column":18}},"loc":{"start":{"line":46,"column":40},"end":{"line":46,"column":86}},"line":46}},"branchMap":{},"s":{"0":0,"1":9,"2":9,"3":1,"4":9,"5":1,"6":1,"7":1,"8":9,"9":1,"10":1,"11":1,"12":1,"13":1,"14":1,"15":1},"f":{"0":1,"1":1,"2":1,"3":1,"4":1,"5":1,"6":1,"7":1,"8":1,"9":1,"10":1},"b":{},"_coverageSchema":"1a1c01bbd47fc00a2c39e90264f33305004495a9","hash":"03e1b317774aaaecb0d69cfc9d8f8e24a871add9"}
,"C:\\Users\\Utilisateur\\Documents\\Simplon\\opossum-mobile\\src\\hooks\\useListingImages.ts": {"path":"C:\\Users\\Utilisateur\\Documents\\Simplon\\opossum-mobile\\src\\hooks\\useListingImages.ts","statementMap":{"0":{"start":{"line":6,"column":30},"end":{"line":6,"column":92}},"1":{"start":{"line":7,"column":36},"end":{"line":7,"column":51}},"2":{"start":{"line":8,"column":28},"end":{"line":8,"column":57}},"3":{"start":{"line":10,"column":26},"end":{"line":47,"column":3}},"4":{"start":{"line":11,"column":4},"end":{"line":11,"column":19}},"5":{"start":{"line":12,"column":4},"end":{"line":12,"column":23}},"6":{"start":{"line":13,"column":4},"end":{"line":46,"column":5}},"7":{"start":{"line":14,"column":21},"end":{"line":20,"column":8}},"8":{"start":{"line":21,"column":6},"end":{"line":35,"column":7}},"9":{"start":{"line":22,"column":24},"end":{"line":33,"column":11}},"10":{"start":{"line":23,"column":10},"end":{"line":23,"column":66}},"11":{"start":{"line":23,"column":22},"end":{"line":23,"column":66}},"12":{"start":{"line":24,"column":28},"end":{"line":24,"column":62}},"13":{"start":{"line":25,"column":10},"end":{"line":27,"column":11}},"14":{"start":{"line":26,"column":12},"end":{"line":26,"column":73}},"15":{"start":{"line":28,"column":10},"end":{"line":32,"column":12}},"16":{"start":{"line":34,"column":8},"end":{"line":34,"column":49}},"17":{"start":{"line":34,"column":26},"end":{"line":34,"column":47}},"18":{"start":{"line":37,"column":6},"end":{"line":43,"column":7}},"19":{"start":{"line":38,"column":8},"end":{"line":38,"column":75}},"20":{"start":{"line":39,"column":13},"end":{"line":43,"column":7}},"21":{"start":{"line":40,"column":8},"end":{"line":40,"column":52}},"22":{"start":{"line":42,"column":8},"end":{"line":42,"column":70}},"23":{"start":{"line":45,"column":6},"end":{"line":45,"column":26}},"24":{"start":{"line":49,"column":28},"end":{"line":51,"column":3}},"25":{"start":{"line":50,"column":4},"end":{"line":50,"column":56}},"26":{"start":{"line":50,"column":22},"end":{"line":50,"column":54}},"27":{"start":{"line":50,"column":44},"end":{"line":50,"column":53}},"28":{"start":{"line":53,"column":2},"end":{"line":62,"column":4}}},"fnMap":{"0":{"name":"useListingImages","decl":{"start":{"line":5,"column":16},"end":{"line":5,"column":32}},"loc":{"start":{"line":5,"column":55},"end":{"line":63,"column":1}},"line":5},"1":{"name":"(anonymous_1)","decl":{"start":{"line":10,"column":26},"end":{"line":10,"column":27}},"loc":{"start":{"line":10,"column":38},"end":{"line":47,"column":3}},"line":10},"2":{"name":"(anonymous_2)","decl":{"start":{"line":22,"column":60},"end":{"line":22,"column":61}},"loc":{"start":{"line":22,"column":75},"end":{"line":33,"column":9}},"line":22},"3":{"name":"(anonymous_3)","decl":{"start":{"line":34,"column":18},"end":{"line":34,"column":19}},"loc":{"start":{"line":34,"column":26},"end":{"line":34,"column":47}},"line":34},"4":{"name":"(anonymous_4)","decl":{"start":{"line":49,"column":28},"end":{"line":49,"column":29}},"loc":{"start":{"line":49,"column":45},"end":{"line":51,"column":3}},"line":49},"5":{"name":"(anonymous_5)","decl":{"start":{"line":50,"column":14},"end":{"line":50,"column":15}},"loc":{"start":{"line":50,"column":22},"end":{"line":50,"column":54}},"line":50},"6":{"name":"(anonymous_6)","decl":{"start":{"line":50,"column":34},"end":{"line":50,"column":35}},"loc":{"start":{"line":50,"column":44},"end":{"line":50,"column":53}},"line":50}},"branchMap":{"0":{"loc":{"start":{"line":21,"column":6},"end":{"line":35,"column":7}},"type":"if","locations":[{"start":{"line":21,"column":6},"end":{"line":35,"column":7}},{"start":{},"end":{}}],"line":21},"1":{"loc":{"start":{"line":21,"column":10},"end":{"line":21,"column":71}},"type":"binary-expr","locations":[{"start":{"line":21,"column":10},"end":{"line":21,"column":26}},{"start":{"line":21,"column":30},"end":{"line":21,"column":43}},{"start":{"line":21,"column":47},"end":{"line":21,"column":71}}],"line":21},"2":{"loc":{"start":{"line":23,"column":10},"end":{"line":23,"column":66}},"type":"if","locations":[{"start":{"line":23,"column":10},"end":{"line":23,"column":66}},{"start":{},"end":{}}],"line":23},"3":{"loc":{"start":{"line":25,"column":10},"end":{"line":27,"column":11}},"type":"if","locations":[{"start":{"line":25,"column":10},"end":{"line":27,"column":11}},{"start":{},"end":{}}],"line":25},"4":{"loc":{"start":{"line":26,"column":28},"end":{"line":26,"column":71}},"type":"binary-expr","locations":[{"start":{"line":26,"column":28},"end":{"line":26,"column":52}},{"start":{"line":26,"column":56},"end":{"line":26,"column":71}}],"line":26},"5":{"loc":{"start":{"line":29,"column":16},"end":{"line":29,"column":40}},"type":"binary-expr","locations":[{"start":{"line":29,"column":16},"end":{"line":29,"column":34}},{"start":{"line":29,"column":38},"end":{"line":29,"column":40}}],"line":29},"6":{"loc":{"start":{"line":30,"column":17},"end":{"line":30,"column":42}},"type":"binary-expr","locations":[{"start":{"line":30,"column":17},"end":{"line":30,"column":36}},{"start":{"line":30,"column":40},"end":{"line":30,"column":42}}],"line":30},"7":{"loc":{"start":{"line":31,"column":23},"end":{"line":31,"column":57}},"type":"binary-expr","locations":[{"start":{"line":31,"column":23},"end":{"line":31,"column":51}},{"start":{"line":31,"column":55},"end":{"line":31,"column":57}}],"line":31},"8":{"loc":{"start":{"line":37,"column":6},"end":{"line":43,"column":7}},"type":"if","locations":[{"start":{"line":37,"column":6},"end":{"line":43,"column":7}},{"start":{"line":39,"column":13},"end":{"line":43,"column":7}}],"line":37},"9":{"loc":{"start":{"line":37,"column":10},"end":{"line":37,"column":79}},"type":"binary-expr","locations":[{"start":{"line":37,"column":10},"end":{"line":37,"column":37}},{"start":{"line":37,"column":41},"end":{"line":37,"column":79}}],"line":37},"10":{"loc":{"start":{"line":39,"column":13},"end":{"line":43,"column":7}},"type":"if","locations":[{"start":{"line":39,"column":13},"end":{"line":43,"column":7}},{"start":{"line":41,"column":13},"end":{"line":43,"column":7}}],"line":39},"11":{"loc":{"start":{"line":42,"column":17},"end":{"line":42,"column":68}},"type":"binary-expr","locations":[{"start":{"line":42,"column":17},"end":{"line":42,"column":26}},{"start":{"line":42,"column":30},"end":{"line":42,"column":68}}],"line":42}},"s":{"0":6,"1":6,"2":6,"3":6,"4":2,"5":2,"6":2,"7":2,"8":2,"9":2,"10":3,"11":0,"12":3,"13":3,"14":1,"15":2,"16":1,"17":1,"18":1,"19":0,"20":1,"21":0,"22":1,"23":2,"24":6,"25":1,"26":1,"27":2,"28":6},"f":{"0":6,"1":2,"2":3,"3":1,"4":1,"5":1,"6":2},"b":{"0":[2,0],"1":[2,2,2],"2":[0,3],"3":[1,2],"4":[1,0],"5":[2,0],"6":[2,0],"7":[2,0],"8":[0,1],"9":[1,1],"10":[0,1],"11":[1,0]},"_coverageSchema":"1a1c01bbd47fc00a2c39e90264f33305004495a9","hash":"408a994d181d895c2a9162268dc60e1909bb0582"}
,"C:\\Users\\Utilisateur\\Documents\\Simplon\\opossum-mobile\\src\\hooks\\useListingLocation.ts": {"path":"C:\\Users\\Utilisateur\\Documents\\Simplon\\opossum-mobile\\src\\hooks\\useListingLocation.ts","statementMap":{"0":{"start":{"line":7,"column":42},"end":{"line":7,"column":104}},"1":{"start":{"line":8,"column":44},"end":{"line":8,"column":73}},"2":{"start":{"line":9,"column":34},"end":{"line":9,"column":51}},"3":{"start":{"line":11,"column":2},"end":{"line":22,"column":27}},"4":{"start":{"line":12,"column":4},"end":{"line":21,"column":5}},"5":{"start":{"line":13,"column":6},"end":{"line":20,"column":11}},"6":{"start":{"line":14,"column":25},"end":{"line":14,"column":75}},"7":{"start":{"line":15,"column":8},"end":{"line":15,"column":41}},"8":{"start":{"line":15,"column":34},"end":{"line":15,"column":41}},"9":{"start":{"line":16,"column":18},"end":{"line":16,"column":98}},"10":{"start":{"line":17,"column":8},"end":{"line":19,"column":9}},"11":{"start":{"line":18,"column":10},"end":{"line":18,"column":94}},"12":{"start":{"line":24,"column":26},"end":{"line":58,"column":3}},"13":{"start":{"line":25,"column":4},"end":{"line":25,"column":27}},"14":{"start":{"line":26,"column":4},"end":{"line":57,"column":5}},"15":{"start":{"line":27,"column":6},"end":{"line":30,"column":7}},"16":{"start":{"line":28,"column":8},"end":{"line":28,"column":104}},"17":{"start":{"line":29,"column":8},"end":{"line":29,"column":20}},"18":{"start":{"line":31,"column":6},"end":{"line":31,"column":90}},"19":{"start":{"line":32,"column":6},"end":{"line":32,"column":84}},"20":{"start":{"line":34,"column":6},"end":{"line":37,"column":7}},"21":{"start":{"line":35,"column":8},"end":{"line":35,"column":55}},"22":{"start":{"line":36,"column":8},"end":{"line":36,"column":20}},"23":{"start":{"line":38,"column":21},"end":{"line":38,"column":56}},"24":{"start":{"line":39,"column":6},"end":{"line":42,"column":7}},"25":{"start":{"line":40,"column":8},"end":{"line":40,"column":119}},"26":{"start":{"line":41,"column":8},"end":{"line":41,"column":20}},"27":{"start":{"line":43,"column":28},"end":{"line":47,"column":15}},"28":{"start":{"line":48,"column":6},"end":{"line":54,"column":7}},"29":{"start":{"line":49,"column":8},"end":{"line":52,"column":10}},"30":{"start":{"line":53,"column":8},"end":{"line":53,"column":20}},"31":{"start":{"line":55,"column":6},"end":{"line":55,"column":93}},"32":{"start":{"line":56,"column":6},"end":{"line":56,"column":87}},"33":{"start":{"line":60,"column":2},"end":{"line":60,"column":109}}},"fnMap":{"0":{"name":"useListingLocation","decl":{"start":{"line":6,"column":16},"end":{"line":6,"column":34}},"loc":{"start":{"line":6,"column":95},"end":{"line":61,"column":1}},"line":6},"1":{"name":"(anonymous_1)","decl":{"start":{"line":11,"column":12},"end":{"line":11,"column":13}},"loc":{"start":{"line":11,"column":18},"end":{"line":22,"column":3}},"line":11},"2":{"name":"(anonymous_2)","decl":{"start":{"line":13,"column":7},"end":{"line":13,"column":8}},"loc":{"start":{"line":13,"column":19},"end":{"line":20,"column":7}},"line":13},"3":{"name":"(anonymous_3)","decl":{"start":{"line":24,"column":26},"end":{"line":24,"column":27}},"loc":{"start":{"line":24,"column":38},"end":{"line":58,"column":3}},"line":24}},"branchMap":{"0":{"loc":{"start":{"line":12,"column":4},"end":{"line":21,"column":5}},"type":"if","locations":[{"start":{"line":12,"column":4},"end":{"line":21,"column":5}},{"start":{},"end":{}}],"line":12},"1":{"loc":{"start":{"line":15,"column":8},"end":{"line":15,"column":41}},"type":"if","locations":[{"start":{"line":15,"column":8},"end":{"line":15,"column":41}},{"start":{},"end":{}}],"line":15},"2":{"loc":{"start":{"line":17,"column":8},"end":{"line":19,"column":9}},"type":"if","locations":[{"start":{"line":17,"column":8},"end":{"line":19,"column":9}},{"start":{},"end":{}}],"line":17},"3":{"loc":{"start":{"line":26,"column":4},"end":{"line":57,"column":5}},"type":"if","locations":[{"start":{"line":26,"column":4},"end":{"line":57,"column":5}},{"start":{"line":33,"column":11},"end":{"line":57,"column":5}}],"line":26},"4":{"loc":{"start":{"line":27,"column":6},"end":{"line":30,"column":7}},"type":"if","locations":[{"start":{"line":27,"column":6},"end":{"line":30,"column":7}},{"start":{},"end":{}}],"line":27},"5":{"loc":{"start":{"line":34,"column":6},"end":{"line":37,"column":7}},"type":"if","locations":[{"start":{"line":34,"column":6},"end":{"line":37,"column":7}},{"start":{},"end":{}}],"line":34},"6":{"loc":{"start":{"line":34,"column":10},"end":{"line":34,"column":27}},"type":"binary-expr","locations":[{"start":{"line":34,"column":10},"end":{"line":34,"column":15}},{"start":{"line":34,"column":19},"end":{"line":34,"column":27}}],"line":34},"7":{"loc":{"start":{"line":39,"column":6},"end":{"line":42,"column":7}},"type":"if","locations":[{"start":{"line":39,"column":6},"end":{"line":42,"column":7}},{"start":{},"end":{}}],"line":39},"8":{"loc":{"start":{"line":48,"column":6},"end":{"line":54,"column":7}},"type":"if","locations":[{"start":{"line":48,"column":6},"end":{"line":54,"column":7}},{"start":{},"end":{}}],"line":48},"9":{"loc":{"start":{"line":50,"column":10},"end":{"line":51,"column":109}},"type":"binary-expr","locations":[{"start":{"line":50,"column":10},"end":{"line":50,"column":38}},{"start":{"line":51,"column":10},"end":{"line":51,"column":109}}],"line":50}},"s":{"0":6,"1":6,"2":6,"3":6,"4":2,"5":0,"6":0,"7":0,"8":0,"9":0,"10":0,"11":0,"12":6,"13":0,"14":0,"15":0,"16":0,"17":0,"18":0,"19":0,"20":0,"21":0,"22":0,"23":0,"24":0,"25":0,"26":0,"27":0,"28":0,"29":0,"30":0,"31":0,"32":0,"33":6},"f":{"0":6,"1":2,"2":0,"3":0},"b":{"0":[0,2],"1":[0,0],"2":[0,0],"3":[0,0],"4":[0,0],"5":[0,0],"6":[0,0],"7":[0,0],"8":[0,0],"9":[0,0]},"_coverageSchema":"1a1c01bbd47fc00a2c39e90264f33305004495a9","hash":"62ea9b2aabfc532cd661d817ce1dd7c951e181a0"}
,"C:\\Users\\Utilisateur\\Documents\\Simplon\\opossum-mobile\\src\\services\\auth.password.ts": {"path":"C:\\Users\\Utilisateur\\Documents\\Simplon\\opossum-mobile\\src\\services\\auth.password.ts","statementMap":{"0":{"start":{"line":6,"column":2},"end":{"line":47,"column":3}},"1":{"start":{"line":7,"column":21},"end":{"line":11,"column":6}},"2":{"start":{"line":12,"column":17},"end":{"line":12,"column":19}},"3":{"start":{"line":13,"column":15},"end":{"line":13,"column":17}},"4":{"start":{"line":14,"column":4},"end":{"line":19,"column":5}},"5":{"start":{"line":15,"column":6},"end":{"line":15,"column":35}},"6":{"start":{"line":16,"column":6},"end":{"line":16,"column":44}},"7":{"start":{"line":18,"column":6},"end":{"line":18,"column":18}},"8":{"start":{"line":20,"column":4},"end":{"line":29,"column":5}},"9":{"start":{"line":22,"column":8},"end":{"line":27,"column":60}},"10":{"start":{"line":28,"column":6},"end":{"line":28,"column":40}},"11":{"start":{"line":30,"column":4},"end":{"line":39,"column":5}},"12":{"start":{"line":32,"column":8},"end":{"line":37,"column":60}},"13":{"start":{"line":38,"column":6},"end":{"line":38,"column":40}},"14":{"start":{"line":41,"column":6},"end":{"line":42,"column":33}},"15":{"start":{"line":43,"column":4},"end":{"line":43,"column":38}},"16":{"start":{"line":45,"column":4},"end":{"line":45,"column":30}},"17":{"start":{"line":46,"column":4},"end":{"line":46,"column":16}},"18":{"start":{"line":52,"column":2},"end":{"line":81,"column":3}},"19":{"start":{"line":53,"column":21},"end":{"line":57,"column":6}},"20":{"start":{"line":58,"column":17},"end":{"line":58,"column":19}},"21":{"start":{"line":59,"column":4},"end":{"line":64,"column":5}},"22":{"start":{"line":60,"column":19},"end":{"line":60,"column":40}},"23":{"start":{"line":61,"column":6},"end":{"line":61,"column":44}},"24":{"start":{"line":63,"column":6},"end":{"line":63,"column":18}},"25":{"start":{"line":65,"column":4},"end":{"line":73,"column":5}},"26":{"start":{"line":67,"column":8},"end":{"line":71,"column":55}},"27":{"start":{"line":72,"column":6},"end":{"line":72,"column":40}},"28":{"start":{"line":75,"column":6},"end":{"line":76,"column":23}},"29":{"start":{"line":77,"column":4},"end":{"line":77,"column":38}},"30":{"start":{"line":79,"column":4},"end":{"line":79,"column":30}},"31":{"start":{"line":80,"column":4},"end":{"line":80,"column":16}}},"fnMap":{"0":{"name":"resetPassword","decl":{"start":{"line":5,"column":22},"end":{"line":5,"column":35}},"loc":{"start":{"line":5,"column":120},"end":{"line":48,"column":1}},"line":5},"1":{"name":"forgotPassword","decl":{"start":{"line":51,"column":22},"end":{"line":51,"column":36}},"loc":{"start":{"line":51,"column":100},"end":{"line":82,"column":1}},"line":51}},"branchMap":{"0":{"loc":{"start":{"line":16,"column":15},"end":{"line":16,"column":43}},"type":"cond-expr","locations":[{"start":{"line":16,"column":22},"end":{"line":16,"column":38}},{"start":{"line":16,"column":41},"end":{"line":16,"column":43}}],"line":16},"1":{"loc":{"start":{"line":20,"column":4},"end":{"line":29,"column":5}},"type":"if","locations":[{"start":{"line":20,"column":4},"end":{"line":29,"column":5}},{"start":{},"end":{}}],"line":20},"2":{"loc":{"start":{"line":22,"column":8},"end":{"line":27,"column":60}},"type":"binary-expr","locations":[{"start":{"line":22,"column":9},"end":{"line":24,"column":21}},{"start":{"line":25,"column":9},"end":{"line":25,"column":97}},{"start":{"line":26,"column":8},"end":{"line":26,"column":12}},{"start":{"line":27,"column":8},"end":{"line":27,"column":60}}],"line":22},"3":{"loc":{"start":{"line":22,"column":9},"end":{"line":24,"column":21}},"type":"cond-expr","locations":[{"start":{"line":23,"column":12},"end":{"line":23,"column":32}},{"start":{"line":24,"column":12},"end":{"line":24,"column":21}}],"line":22},"4":{"loc":{"start":{"line":22,"column":9},"end":{"line":22,"column":147}},"type":"binary-expr","locations":[{"start":{"line":22,"column":9},"end":{"line":22,"column":15}},{"start":{"line":22,"column":19},"end":{"line":22,"column":45}},{"start":{"line":22,"column":49},"end":{"line":22,"column":66}},{"start":{"line":22,"column":70},"end":{"line":22,"column":82}},{"start":{"line":22,"column":86},"end":{"line":22,"column":118}},{"start":{"line":22,"column":122},"end":{"line":22,"column":147}}],"line":22},"5":{"loc":{"start":{"line":25,"column":9},"end":{"line":25,"column":97}},"type":"cond-expr","locations":[{"start":{"line":25,"column":71},"end":{"line":25,"column":85}},{"start":{"line":25,"column":88},"end":{"line":25,"column":97}}],"line":25},"6":{"loc":{"start":{"line":25,"column":9},"end":{"line":25,"column":68}},"type":"binary-expr","locations":[{"start":{"line":25,"column":9},"end":{"line":25,"column":15}},{"start":{"line":25,"column":19},"end":{"line":25,"column":45}},{"start":{"line":25,"column":49},"end":{"line":25,"column":68}}],"line":25},"7":{"loc":{"start":{"line":30,"column":4},"end":{"line":39,"column":5}},"type":"if","locations":[{"start":{"line":30,"column":4},"end":{"line":39,"column":5}},{"start":{},"end":{}}],"line":30},"8":{"loc":{"start":{"line":30,"column":10},"end":{"line":30,"column":87}},"type":"binary-expr","locations":[{"start":{"line":30,"column":10},"end":{"line":30,"column":16}},{"start":{"line":30,"column":20},"end":{"line":30,"column":46}},{"start":{"line":30,"column":50},"end":{"line":30,"column":69}},{"start":{"line":30,"column":73},"end":{"line":30,"column":87}}],"line":30},"9":{"loc":{"start":{"line":32,"column":8},"end":{"line":37,"column":60}},"type":"binary-expr","locations":[{"start":{"line":32,"column":9},"end":{"line":34,"column":21}},{"start":{"line":35,"column":9},"end":{"line":35,"column":97}},{"start":{"line":36,"column":8},"end":{"line":36,"column":12}},{"start":{"line":37,"column":8},"end":{"line":37,"column":60}}],"line":32},"10":{"loc":{"start":{"line":32,"column":9},"end":{"line":34,"column":21}},"type":"cond-expr","locations":[{"start":{"line":33,"column":12},"end":{"line":33,"column":32}},{"start":{"line":34,"column":12},"end":{"line":34,"column":21}}],"line":32},"11":{"loc":{"start":{"line":32,"column":9},"end":{"line":32,"column":147}},"type":"binary-expr","locations":[{"start":{"line":32,"column":9},"end":{"line":32,"column":15}},{"start":{"line":32,"column":19},"end":{"line":32,"column":45}},{"start":{"line":32,"column":49},"end":{"line":32,"column":66}},{"start":{"line":32,"column":70},"end":{"line":32,"column":82}},{"start":{"line":32,"column":86},"end":{"line":32,"column":118}},{"start":{"line":32,"column":122},"end":{"line":32,"column":147}}],"line":32},"12":{"loc":{"start":{"line":35,"column":9},"end":{"line":35,"column":97}},"type":"cond-expr","locations":[{"start":{"line":35,"column":71},"end":{"line":35,"column":85}},{"start":{"line":35,"column":88},"end":{"line":35,"column":97}}],"line":35},"13":{"loc":{"start":{"line":35,"column":9},"end":{"line":35,"column":68}},"type":"binary-expr","locations":[{"start":{"line":35,"column":9},"end":{"line":35,"column":15}},{"start":{"line":35,"column":19},"end":{"line":35,"column":45}},{"start":{"line":35,"column":49},"end":{"line":35,"column":68}}],"line":35},"14":{"loc":{"start":{"line":41,"column":6},"end":{"line":42,"column":33}},"type":"binary-expr","locations":[{"start":{"line":41,"column":7},"end":{"line":41,"column":103}},{"start":{"line":42,"column":6},"end":{"line":42,"column":33}}],"line":41},"15":{"loc":{"start":{"line":41,"column":7},"end":{"line":41,"column":103}},"type":"cond-expr","locations":[{"start":{"line":41,"column":69},"end":{"line":41,"column":91}},{"start":{"line":41,"column":94},"end":{"line":41,"column":103}}],"line":41},"16":{"loc":{"start":{"line":41,"column":7},"end":{"line":41,"column":66}},"type":"binary-expr","locations":[{"start":{"line":41,"column":7},"end":{"line":41,"column":13}},{"start":{"line":41,"column":17},"end":{"line":41,"column":43}},{"start":{"line":41,"column":47},"end":{"line":41,"column":66}}],"line":41},"17":{"loc":{"start":{"line":61,"column":15},"end":{"line":61,"column":43}},"type":"cond-expr","locations":[{"start":{"line":61,"column":22},"end":{"line":61,"column":38}},{"start":{"line":61,"column":41},"end":{"line":61,"column":43}}],"line":61},"18":{"loc":{"start":{"line":65,"column":4},"end":{"line":73,"column":5}},"type":"if","locations":[{"start":{"line":65,"column":4},"end":{"line":73,"column":5}},{"start":{},"end":{}}],"line":65},"19":{"loc":{"start":{"line":65,"column":8},"end":{"line":65,"column":104}},"type":"binary-expr","locations":[{"start":{"line":65,"column":8},"end":{"line":65,"column":20}},{"start":{"line":65,"column":24},"end":{"line":65,"column":104}}],"line":65},"20":{"loc":{"start":{"line":65,"column":26},"end":{"line":65,"column":103}},"type":"binary-expr","locations":[{"start":{"line":65,"column":26},"end":{"line":65,"column":32}},{"start":{"line":65,"column":36},"end":{"line":65,"column":62}},{"start":{"line":65,"column":66},"end":{"line":65,"column":85}},{"start":{"line":65,"column":89},"end":{"line":65,"column":103}}],"line":65},"21":{"loc":{"start":{"line":67,"column":8},"end":{"line":71,"column":55}},"type":"binary-expr","locations":[{"start":{"line":67,"column":9},"end":{"line":69,"column":21}},{"start":{"line":70,"column":9},"end":{"line":70,"column":97}},{"start":{"line":71,"column":8},"end":{"line":71,"column":55}}],"line":67},"22":{"loc":{"start":{"line":67,"column":9},"end":{"line":69,"column":21}},"type":"cond-expr","locations":[{"start":{"line":68,"column":12},"end":{"line":68,"column":32}},{"start":{"line":69,"column":12},"end":{"line":69,"column":21}}],"line":67},"23":{"loc":{"start":{"line":67,"column":9},"end":{"line":67,"column":147}},"type":"binary-expr","locations":[{"start":{"line":67,"column":9},"end":{"line":67,"column":15}},{"start":{"line":67,"column":19},"end":{"line":67,"column":45}},{"start":{"line":67,"column":49},"end":{"line":67,"column":66}},{"start":{"line":67,"column":70},"end":{"line":67,"column":82}},{"start":{"line":67,"column":86},"end":{"line":67,"column":118}},{"start":{"line":67,"column":122},"end":{"line":67,"column":147}}],"line":67},"24":{"loc":{"start":{"line":70,"column":9},"end":{"line":70,"column":97}},"type":"cond-expr","locations":[{"start":{"line":70,"column":71},"end":{"line":70,"column":85}},{"start":{"line":70,"column":88},"end":{"line":70,"column":97}}],"line":70},"25":{"loc":{"start":{"line":70,"column":9},"end":{"line":70,"column":68}},"type":"binary-expr","locations":[{"start":{"line":70,"column":9},"end":{"line":70,"column":15}},{"start":{"line":70,"column":19},"end":{"line":70,"column":45}},{"start":{"line":70,"column":49},"end":{"line":70,"column":68}}],"line":70},"26":{"loc":{"start":{"line":75,"column":6},"end":{"line":76,"column":23}},"type":"binary-expr","locations":[{"start":{"line":75,"column":7},"end":{"line":75,"column":103}},{"start":{"line":76,"column":6},"end":{"line":76,"column":23}}],"line":75},"27":{"loc":{"start":{"line":75,"column":7},"end":{"line":75,"column":103}},"type":"cond-expr","locations":[{"start":{"line":75,"column":69},"end":{"line":75,"column":91}},{"start":{"line":75,"column":94},"end":{"line":75,"column":103}}],"line":75},"28":{"loc":{"start":{"line":75,"column":7},"end":{"line":75,"column":66}},"type":"binary-expr","locations":[{"start":{"line":75,"column":7},"end":{"line":75,"column":13}},{"start":{"line":75,"column":17},"end":{"line":75,"column":43}},{"start":{"line":75,"column":47},"end":{"line":75,"column":66}}],"line":75}},"s":{"0":2,"1":2,"2":2,"3":2,"4":2,"5":2,"6":2,"7":0,"8":2,"9":1,"10":1,"11":1,"12":0,"13":0,"14":1,"15":1,"16":1,"17":1,"18":2,"19":2,"20":2,"21":2,"22":2,"23":2,"24":0,"25":2,"26":1,"27":1,"28":1,"29":1,"30":1,"31":1},"f":{"0":2,"1":2},"b":{"0":[2,0],"1":[1,1],"2":[1,0,0,0],"3":[1,0],"4":[1,1,1,1,1,1],"5":[0,0],"6":[0,0,0],"7":[0,1],"8":[1,1,1,1],"9":[0,0,0,0],"10":[0,0],"11":[0,0,0,0,0,0],"12":[0,0],"13":[0,0,0],"14":[1,0],"15":[1,0],"16":[1,1,1],"17":[2,0],"18":[1,1],"19":[2,1],"20":[1,1,1,1],"21":[1,0,0],"22":[1,0],"23":[1,1,1,1,1,1],"24":[0,0],"25":[0,0,0],"26":[1,0],"27":[1,0],"28":[1,1,1]},"_coverageSchema":"1a1c01bbd47fc00a2c39e90264f33305004495a9","hash":"c1dbd9256540b02a93c1534d1dc37a5f754af375"}
,"C:\\Users\\Utilisateur\\Documents\\Simplon\\opossum-mobile\\src\\services\\auth.register.ts": {"path":"C:\\Users\\Utilisateur\\Documents\\Simplon\\opossum-mobile\\src\\services\\auth.register.ts","statementMap":{"0":{"start":{"line":7,"column":2},"end":{"line":65,"column":3}},"1":{"start":{"line":9,"column":22},"end":{"line":14,"column":5}},"2":{"start":{"line":15,"column":4},"end":{"line":15,"column":44}},"3":{"start":{"line":15,"column":20},"end":{"line":15,"column":44}},"4":{"start":{"line":17,"column":21},"end":{"line":21,"column":6}},"5":{"start":{"line":22,"column":19},"end":{"line":22,"column":40}},"6":{"start":{"line":23,"column":4},"end":{"line":29,"column":5}},"7":{"start":{"line":25,"column":8},"end":{"line":27,"column":39}},"8":{"start":{"line":28,"column":6},"end":{"line":28,"column":32}},"9":{"start":{"line":30,"column":4},"end":{"line":34,"column":5}},"10":{"start":{"line":31,"column":6},"end":{"line":33,"column":7}},"11":{"start":{"line":32,"column":8},"end":{"line":32,"column":71}},"12":{"start":{"line":35,"column":4},"end":{"line":39,"column":5}},"13":{"start":{"line":36,"column":6},"end":{"line":38,"column":7}},"14":{"start":{"line":37,"column":8},"end":{"line":37,"column":73}},"15":{"start":{"line":40,"column":4},"end":{"line":45,"column":5}},"16":{"start":{"line":41,"column":24},"end":{"line":41,"column":73}},"17":{"start":{"line":42,"column":6},"end":{"line":44,"column":7}},"18":{"start":{"line":43,"column":8},"end":{"line":43,"column":73}},"19":{"start":{"line":46,"column":4},"end":{"line":61,"column":6}},"20":{"start":{"line":63,"column":4},"end":{"line":63,"column":30}},"21":{"start":{"line":64,"column":4},"end":{"line":64,"column":16}}},"fnMap":{"0":{"name":"register","decl":{"start":{"line":6,"column":22},"end":{"line":6,"column":30}},"loc":{"start":{"line":6,"column":81},"end":{"line":66,"column":1}},"line":6}},"branchMap":{"0":{"loc":{"start":{"line":15,"column":4},"end":{"line":15,"column":44}},"type":"if","locations":[{"start":{"line":15,"column":4},"end":{"line":15,"column":44}},{"start":{},"end":{}}],"line":15},"1":{"loc":{"start":{"line":23,"column":4},"end":{"line":29,"column":5}},"type":"if","locations":[{"start":{"line":23,"column":4},"end":{"line":29,"column":5}},{"start":{},"end":{}}],"line":23},"2":{"loc":{"start":{"line":25,"column":8},"end":{"line":27,"column":39}},"type":"binary-expr","locations":[{"start":{"line":25,"column":8},"end":{"line":25,"column":30}},{"start":{"line":26,"column":8},"end":{"line":26,"column":23}},{"start":{"line":27,"column":8},"end":{"line":27,"column":39}}],"line":25},"3":{"loc":{"start":{"line":30,"column":4},"end":{"line":34,"column":5}},"type":"if","locations":[{"start":{"line":30,"column":4},"end":{"line":34,"column":5}},{"start":{},"end":{}}],"line":30},"4":{"loc":{"start":{"line":31,"column":6},"end":{"line":33,"column":7}},"type":"if","locations":[{"start":{"line":31,"column":6},"end":{"line":33,"column":7}},{"start":{},"end":{}}],"line":31},"5":{"loc":{"start":{"line":31,"column":10},"end":{"line":31,"column":73}},"type":"binary-expr","locations":[{"start":{"line":31,"column":10},"end":{"line":31,"column":37}},{"start":{"line":31,"column":41},"end":{"line":31,"column":73}}],"line":31},"6":{"loc":{"start":{"line":35,"column":4},"end":{"line":39,"column":5}},"type":"if","locations":[{"start":{"line":35,"column":4},"end":{"line":39,"column":5}},{"start":{},"end":{}}],"line":35},"7":{"loc":{"start":{"line":36,"column":6},"end":{"line":38,"column":7}},"type":"if","locations":[{"start":{"line":36,"column":6},"end":{"line":38,"column":7}},{"start":{},"end":{}}],"line":36},"8":{"loc":{"start":{"line":36,"column":10},"end":{"line":36,"column":75}},"type":"binary-expr","locations":[{"start":{"line":36,"column":10},"end":{"line":36,"column":38}},{"start":{"line":36,"column":42},"end":{"line":36,"column":75}}],"line":36},"9":{"loc":{"start":{"line":40,"column":4},"end":{"line":45,"column":5}},"type":"if","locations":[{"start":{"line":40,"column":4},"end":{"line":45,"column":5}},{"start":{},"end":{}}],"line":40},"10":{"loc":{"start":{"line":42,"column":6},"end":{"line":44,"column":7}},"type":"if","locations":[{"start":{"line":42,"column":6},"end":{"line":44,"column":7}},{"start":{},"end":{}}],"line":42},"11":{"loc":{"start":{"line":42,"column":10},"end":{"line":42,"column":55}},"type":"binary-expr","locations":[{"start":{"line":42,"column":10},"end":{"line":42,"column":28}},{"start":{"line":42,"column":32},"end":{"line":42,"column":55}}],"line":42},"12":{"loc":{"start":{"line":54,"column":15},"end":{"line":54,"column":33}},"type":"binary-expr","locations":[{"start":{"line":54,"column":15},"end":{"line":54,"column":27}},{"start":{"line":54,"column":31},"end":{"line":54,"column":33}}],"line":54}},"s":{"0":2,"1":2,"2":2,"3":1,"4":2,"5":2,"6":2,"7":1,"8":1,"9":1,"10":1,"11":1,"12":1,"13":1,"14":1,"15":1,"16":1,"17":1,"18":1,"19":1,"20":1,"21":1},"f":{"0":2},"b":{"0":[1,1],"1":[1,1],"2":[1,0,0],"3":[1,0],"4":[1,0],"5":[1,1],"6":[1,0],"7":[1,0],"8":[1,1],"9":[1,0],"10":[1,0],"11":[1,1],"12":[1,0]},"_coverageSchema":"1a1c01bbd47fc00a2c39e90264f33305004495a9","hash":"8dd1fcb2f479cd94abc33b9f7479982d5bab016d"}
,"C:\\Users\\Utilisateur\\Documents\\Simplon\\opossum-mobile\\src\\services\\auth.service.ts": {"path":"C:\\Users\\Utilisateur\\Documents\\Simplon\\opossum-mobile\\src\\services\\auth.service.ts","statementMap":{"0":{"start":{"line":9,"column":2},"end":{"line":25,"column":3}},"1":{"start":{"line":10,"column":20},"end":{"line":10,"column":39}},"2":{"start":{"line":12,"column":17},"end":{"line":12,"column":62}},"3":{"start":{"line":13,"column":4},"end":{"line":13,"column":44}},"4":{"start":{"line":13,"column":30},"end":{"line":13,"column":44}},"5":{"start":{"line":14,"column":20},"end":{"line":21,"column":5}},"6":{"start":{"line":18,"column":10},"end":{"line":18,"column":71}},"7":{"start":{"line":22,"column":4},"end":{"line":22,"column":31}},"8":{"start":{"line":24,"column":4},"end":{"line":24,"column":16}},"9":{"start":{"line":30,"column":2},"end":{"line":75,"column":3}},"10":{"start":{"line":32,"column":21},"end":{"line":36,"column":6}},"11":{"start":{"line":38,"column":19},"end":{"line":38,"column":40}},"12":{"start":{"line":40,"column":4},"end":{"line":46,"column":5}},"13":{"start":{"line":42,"column":8},"end":{"line":44,"column":37}},"14":{"start":{"line":45,"column":6},"end":{"line":45,"column":32}},"15":{"start":{"line":49,"column":19},"end":{"line":49,"column":40}},"16":{"start":{"line":50,"column":24},"end":{"line":50,"column":42}},"17":{"start":{"line":51,"column":25},"end":{"line":51,"column":44}},"18":{"start":{"line":52,"column":22},"end":{"line":52,"column":38}},"19":{"start":{"line":54,"column":4},"end":{"line":56,"column":5}},"20":{"start":{"line":55,"column":6},"end":{"line":55,"column":62}},"21":{"start":{"line":57,"column":4},"end":{"line":59,"column":5}},"22":{"start":{"line":58,"column":6},"end":{"line":58,"column":64}},"23":{"start":{"line":60,"column":4},"end":{"line":65,"column":5}},"24":{"start":{"line":61,"column":24},"end":{"line":61,"column":66}},"25":{"start":{"line":62,"column":6},"end":{"line":64,"column":7}},"26":{"start":{"line":63,"column":8},"end":{"line":63,"column":73}},"27":{"start":{"line":67,"column":4},"end":{"line":71,"column":6}},"28":{"start":{"line":73,"column":4},"end":{"line":73,"column":30}},"29":{"start":{"line":74,"column":4},"end":{"line":74,"column":16}},"30":{"start":{"line":79,"column":2},"end":{"line":118,"column":3}},"31":{"start":{"line":81,"column":25},"end":{"line":81,"column":68}},"32":{"start":{"line":82,"column":24},"end":{"line":82,"column":51}},"33":{"start":{"line":84,"column":21},"end":{"line":91,"column":6}},"34":{"start":{"line":93,"column":17},"end":{"line":93,"column":19}},"35":{"start":{"line":94,"column":4},"end":{"line":100,"column":5}},"36":{"start":{"line":95,"column":19},"end":{"line":95,"column":40}},"37":{"start":{"line":96,"column":6},"end":{"line":96,"column":44}},"38":{"start":{"line":99,"column":6},"end":{"line":99,"column":18}},"39":{"start":{"line":103,"column":4},"end":{"line":103,"column":50}},"40":{"start":{"line":104,"column":4},"end":{"line":104,"column":51}},"41":{"start":{"line":105,"column":4},"end":{"line":105,"column":61}},"42":{"start":{"line":109,"column":4},"end":{"line":111,"column":5}},"43":{"start":{"line":110,"column":6},"end":{"line":110,"column":48}},"44":{"start":{"line":113,"column":20},"end":{"line":113,"column":143}},"45":{"start":{"line":114,"column":4},"end":{"line":114,"column":23}},"46":{"start":{"line":116,"column":4},"end":{"line":116,"column":30}},"47":{"start":{"line":117,"column":4},"end":{"line":117,"column":16}},"48":{"start":{"line":122,"column":2},"end":{"line":158,"column":3}},"49":{"start":{"line":123,"column":21},"end":{"line":127,"column":6}},"50":{"start":{"line":128,"column":19},"end":{"line":128,"column":40}},"51":{"start":{"line":129,"column":4},"end":{"line":132,"column":5}},"52":{"start":{"line":130,"column":23},"end":{"line":130,"column":110}},"53":{"start":{"line":131,"column":6},"end":{"line":131,"column":32}},"54":{"start":{"line":134,"column":4},"end":{"line":138,"column":5}},"55":{"start":{"line":135,"column":6},"end":{"line":137,"column":7}},"56":{"start":{"line":136,"column":8},"end":{"line":136,"column":76}},"57":{"start":{"line":139,"column":4},"end":{"line":143,"column":5}},"58":{"start":{"line":140,"column":6},"end":{"line":142,"column":7}},"59":{"start":{"line":141,"column":8},"end":{"line":141,"column":78}},"60":{"start":{"line":144,"column":4},"end":{"line":149,"column":5}},"61":{"start":{"line":145,"column":24},"end":{"line":145,"column":78}},"62":{"start":{"line":146,"column":6},"end":{"line":148,"column":7}},"63":{"start":{"line":147,"column":8},"end":{"line":147,"column":73}},"64":{"start":{"line":150,"column":4},"end":{"line":154,"column":6}},"65":{"start":{"line":156,"column":4},"end":{"line":156,"column":30}},"66":{"start":{"line":157,"column":4},"end":{"line":157,"column":16}}},"fnMap":{"0":{"name":"decodeJWT","decl":{"start":{"line":8,"column":16},"end":{"line":8,"column":25}},"loc":{"start":{"line":8,"column":46},"end":{"line":26,"column":1}},"line":8},"1":{"name":"(anonymous_1)","decl":{"start":{"line":17,"column":13},"end":{"line":17,"column":14}},"loc":{"start":{"line":17,"column":25},"end":{"line":19,"column":9}},"line":17},"2":{"name":"login","decl":{"start":{"line":29,"column":22},"end":{"line":29,"column":27}},"loc":{"start":{"line":29,"column":71},"end":{"line":76,"column":1}},"line":29},"3":{"name":"logout","decl":{"start":{"line":78,"column":22},"end":{"line":78,"column":28}},"loc":{"start":{"line":78,"column":61},"end":{"line":119,"column":1}},"line":78},"4":{"name":"refreshAccessToken","decl":{"start":{"line":121,"column":22},"end":{"line":121,"column":40}},"loc":{"start":{"line":121,"column":138},"end":{"line":159,"column":1}},"line":121}},"branchMap":{"0":{"loc":{"start":{"line":40,"column":4},"end":{"line":46,"column":5}},"type":"if","locations":[{"start":{"line":40,"column":4},"end":{"line":46,"column":5}},{"start":{},"end":{}}],"line":40},"1":{"loc":{"start":{"line":42,"column":8},"end":{"line":44,"column":37}},"type":"binary-expr","locations":[{"start":{"line":42,"column":8},"end":{"line":42,"column":30}},{"start":{"line":43,"column":8},"end":{"line":43,"column":23}},{"start":{"line":44,"column":8},"end":{"line":44,"column":37}}],"line":42},"2":{"loc":{"start":{"line":49,"column":19},"end":{"line":49,"column":40}},"type":"binary-expr","locations":[{"start":{"line":49,"column":19},"end":{"line":49,"column":30}},{"start":{"line":49,"column":34},"end":{"line":49,"column":40}}],"line":49},"3":{"loc":{"start":{"line":54,"column":4},"end":{"line":56,"column":5}},"type":"if","locations":[{"start":{"line":54,"column":4},"end":{"line":56,"column":5}},{"start":{},"end":{}}],"line":54},"4":{"loc":{"start":{"line":54,"column":8},"end":{"line":54,"column":57}},"type":"binary-expr","locations":[{"start":{"line":54,"column":8},"end":{"line":54,"column":28}},{"start":{"line":54,"column":32},"end":{"line":54,"column":57}}],"line":54},"5":{"loc":{"start":{"line":57,"column":4},"end":{"line":59,"column":5}},"type":"if","locations":[{"start":{"line":57,"column":4},"end":{"line":59,"column":5}},{"start":{},"end":{}}],"line":57},"6":{"loc":{"start":{"line":57,"column":8},"end":{"line":57,"column":59}},"type":"binary-expr","locations":[{"start":{"line":57,"column":8},"end":{"line":57,"column":29}},{"start":{"line":57,"column":33},"end":{"line":57,"column":59}}],"line":57},"7":{"loc":{"start":{"line":60,"column":4},"end":{"line":65,"column":5}},"type":"if","locations":[{"start":{"line":60,"column":4},"end":{"line":65,"column":5}},{"start":{},"end":{}}],"line":60},"8":{"loc":{"start":{"line":62,"column":6},"end":{"line":64,"column":7}},"type":"if","locations":[{"start":{"line":62,"column":6},"end":{"line":64,"column":7}},{"start":{},"end":{}}],"line":62},"9":{"loc":{"start":{"line":62,"column":10},"end":{"line":62,"column":55}},"type":"binary-expr","locations":[{"start":{"line":62,"column":10},"end":{"line":62,"column":28}},{"start":{"line":62,"column":32},"end":{"line":62,"column":55}}],"line":62},"10":{"loc":{"start":{"line":96,"column":15},"end":{"line":96,"column":43}},"type":"cond-expr","locations":[{"start":{"line":96,"column":22},"end":{"line":96,"column":38}},{"start":{"line":96,"column":41},"end":{"line":96,"column":43}}],"line":96},"11":{"loc":{"start":{"line":109,"column":4},"end":{"line":111,"column":5}},"type":"if","locations":[{"start":{"line":109,"column":4},"end":{"line":111,"column":5}},{"start":{},"end":{}}],"line":109},"12":{"loc":{"start":{"line":113,"column":20},"end":{"line":113,"column":143}},"type":"binary-expr","locations":[{"start":{"line":113,"column":21},"end":{"line":113,"column":117}},{"start":{"line":113,"column":122},"end":{"line":113,"column":143}}],"line":113},"13":{"loc":{"start":{"line":113,"column":21},"end":{"line":113,"column":117}},"type":"cond-expr","locations":[{"start":{"line":113,"column":83},"end":{"line":113,"column":105}},{"start":{"line":113,"column":108},"end":{"line":113,"column":117}}],"line":113},"14":{"loc":{"start":{"line":113,"column":21},"end":{"line":113,"column":80}},"type":"binary-expr","locations":[{"start":{"line":113,"column":21},"end":{"line":113,"column":27}},{"start":{"line":113,"column":31},"end":{"line":113,"column":57}},{"start":{"line":113,"column":61},"end":{"line":113,"column":80}}],"line":113},"15":{"loc":{"start":{"line":129,"column":4},"end":{"line":132,"column":5}},"type":"if","locations":[{"start":{"line":129,"column":4},"end":{"line":132,"column":5}},{"start":{},"end":{}}],"line":129},"16":{"loc":{"start":{"line":129,"column":8},"end":{"line":129,"column":39}},"type":"binary-expr","locations":[{"start":{"line":129,"column":8},"end":{"line":129,"column":20}},{"start":{"line":129,"column":24},"end":{"line":129,"column":39}}],"line":129},"17":{"loc":{"start":{"line":130,"column":23},"end":{"line":130,"column":110}},"type":"binary-expr","locations":[{"start":{"line":130,"column":23},"end":{"line":130,"column":45}},{"start":{"line":130,"column":49},"end":{"line":130,"column":64}},{"start":{"line":130,"column":68},"end":{"line":130,"column":110}}],"line":130},"18":{"loc":{"start":{"line":134,"column":4},"end":{"line":138,"column":5}},"type":"if","locations":[{"start":{"line":134,"column":4},"end":{"line":138,"column":5}},{"start":{},"end":{}}],"line":134},"19":{"loc":{"start":{"line":135,"column":6},"end":{"line":137,"column":7}},"type":"if","locations":[{"start":{"line":135,"column":6},"end":{"line":137,"column":7}},{"start":{},"end":{}}],"line":135},"20":{"loc":{"start":{"line":135,"column":10},"end":{"line":135,"column":83}},"type":"binary-expr","locations":[{"start":{"line":135,"column":10},"end":{"line":135,"column":42}},{"start":{"line":135,"column":46},"end":{"line":135,"column":83}}],"line":135},"21":{"loc":{"start":{"line":139,"column":4},"end":{"line":143,"column":5}},"type":"if","locations":[{"start":{"line":139,"column":4},"end":{"line":143,"column":5}},{"start":{},"end":{}}],"line":139},"22":{"loc":{"start":{"line":140,"column":6},"end":{"line":142,"column":7}},"type":"if","locations":[{"start":{"line":140,"column":6},"end":{"line":142,"column":7}},{"start":{},"end":{}}],"line":140},"23":{"loc":{"start":{"line":140,"column":10},"end":{"line":140,"column":85}},"type":"binary-expr","locations":[{"start":{"line":140,"column":10},"end":{"line":140,"column":43}},{"start":{"line":140,"column":47},"end":{"line":140,"column":85}}],"line":140},"24":{"loc":{"start":{"line":144,"column":4},"end":{"line":149,"column":5}},"type":"if","locations":[{"start":{"line":144,"column":4},"end":{"line":149,"column":5}},{"start":{},"end":{}}],"line":144},"25":{"loc":{"start":{"line":146,"column":6},"end":{"line":148,"column":7}},"type":"if","locations":[{"start":{"line":146,"column":6},"end":{"line":148,"column":7}},{"start":{},"end":{}}],"line":146},"26":{"loc":{"start":{"line":146,"column":10},"end":{"line":146,"column":55}},"type":"binary-expr","locations":[{"start":{"line":146,"column":10},"end":{"line":146,"column":28}},{"start":{"line":146,"column":32},"end":{"line":146,"column":55}}],"line":146}},"s":{"0":1,"1":1,"2":1,"3":1,"4":0,"5":1,"6":12,"7":1,"8":0,"9":2,"10":2,"11":2,"12":2,"13":1,"14":1,"15":1,"16":1,"17":1,"18":1,"19":1,"20":1,"21":1,"22":1,"23":1,"24":1,"25":1,"26":1,"27":1,"28":1,"29":1,"30":1,"31":1,"32":1,"33":1,"34":1,"35":1,"36":1,"37":1,"38":0,"39":1,"40":1,"41":1,"42":1,"43":0,"44":1,"45":1,"46":0,"47":0,"48":1,"49":1,"50":1,"51":1,"52":0,"53":0,"54":1,"55":1,"56":1,"57":1,"58":1,"59":1,"60":1,"61":1,"62":1,"63":1,"64":1,"65":0,"66":0},"f":{"0":1,"1":12,"2":2,"3":1,"4":1},"b":{"0":[1,1],"1":[1,0,0],"2":[1,0],"3":[1,0],"4":[1,1],"5":[1,0],"6":[1,1],"7":[1,0],"8":[1,0],"9":[1,1],"10":[1,0],"11":[0,1],"12":[1,0],"13":[1,0],"14":[1,1,1],"15":[0,1],"16":[1,1],"17":[0,0,0],"18":[1,0],"19":[1,0],"20":[1,1],"21":[1,0],"22":[1,0],"23":[1,1],"24":[1,0],"25":[1,0],"26":[1,1]},"_coverageSchema":"1a1c01bbd47fc00a2c39e90264f33305004495a9","hash":"f9e30ffb1841c6c14334a89361974fdbf7e4bec0"}
,"C:\\Users\\Utilisateur\\Documents\\Simplon\\opossum-mobile\\src\\services\\files.service.ts": {"path":"C:\\Users\\Utilisateur\\Documents\\Simplon\\opossum-mobile\\src\\services\\files.service.ts","statementMap":{"0":{"start":{"line":23,"column":26},"end":{"line":60,"column":1}},"1":{"start":{"line":24,"column":19},"end":{"line":24,"column":33}},"2":{"start":{"line":26,"column":19},"end":{"line":26,"column":58}},"3":{"start":{"line":27,"column":2},"end":{"line":31,"column":12}},"4":{"start":{"line":33,"column":2},"end":{"line":59,"column":3}},"5":{"start":{"line":34,"column":21},"end":{"line":39,"column":6}},"6":{"start":{"line":40,"column":17},"end":{"line":40,"column":30}},"7":{"start":{"line":41,"column":4},"end":{"line":43,"column":5}},"8":{"start":{"line":42,"column":6},"end":{"line":42,"column":40}},"9":{"start":{"line":44,"column":4},"end":{"line":44,"column":29}},"10":{"start":{"line":47,"column":4},"end":{"line":53,"column":5}},"11":{"start":{"line":48,"column":6},"end":{"line":52,"column":8}},"12":{"start":{"line":54,"column":4},"end":{"line":58,"column":6}},"13":{"start":{"line":64,"column":19},"end":{"line":64,"column":55}},"14":{"start":{"line":65,"column":14},"end":{"line":65,"column":74}},"15":{"start":{"line":66,"column":2},"end":{"line":68,"column":5}},"16":{"start":{"line":73,"column":19},"end":{"line":73,"column":55}},"17":{"start":{"line":74,"column":2},"end":{"line":74,"column":70}}},"fnMap":{"0":{"name":"(anonymous_0)","decl":{"start":{"line":23,"column":26},"end":{"line":23,"column":27}},"loc":{"start":{"line":23,"column":93},"end":{"line":60,"column":1}},"line":23},"1":{"name":"downloadFile","decl":{"start":{"line":63,"column":22},"end":{"line":63,"column":34}},"loc":{"start":{"line":63,"column":70},"end":{"line":69,"column":1}},"line":63},"2":{"name":"getFileUrl","decl":{"start":{"line":72,"column":16},"end":{"line":72,"column":26}},"loc":{"start":{"line":72,"column":62},"end":{"line":75,"column":1}},"line":72}},"branchMap":{"0":{"loc":{"start":{"line":26,"column":19},"end":{"line":26,"column":58}},"type":"binary-expr","locations":[{"start":{"line":26,"column":19},"end":{"line":26,"column":43}},{"start":{"line":26,"column":47},"end":{"line":26,"column":58}}],"line":26},"1":{"loc":{"start":{"line":41,"column":4},"end":{"line":43,"column":5}},"type":"if","locations":[{"start":{"line":41,"column":4},"end":{"line":43,"column":5}},{"start":{},"end":{}}],"line":41},"2":{"loc":{"start":{"line":41,"column":8},"end":{"line":41,"column":40}},"type":"binary-expr","locations":[{"start":{"line":41,"column":8},"end":{"line":41,"column":12}},{"start":{"line":41,"column":16},"end":{"line":41,"column":40}}],"line":41},"3":{"loc":{"start":{"line":47,"column":4},"end":{"line":53,"column":5}},"type":"if","locations":[{"start":{"line":47,"column":4},"end":{"line":53,"column":5}},{"start":{},"end":{}}],"line":47},"4":{"loc":{"start":{"line":56,"column":15},"end":{"line":56,"column":49}},"type":"binary-expr","locations":[{"start":{"line":56,"column":15},"end":{"line":56,"column":28}},{"start":{"line":56,"column":32},"end":{"line":56,"column":49}}],"line":56},"5":{"loc":{"start":{"line":63,"column":51},"end":{"line":63,"column":68}},"type":"default-arg","locations":[{"start":{"line":63,"column":63},"end":{"line":63,"column":68}}],"line":63},"6":{"loc":{"start":{"line":65,"column":38},"end":{"line":65,"column":72}},"type":"cond-expr","locations":[{"start":{"line":65,"column":50},"end":{"line":65,"column":67}},{"start":{"line":65,"column":70},"end":{"line":65,"column":72}}],"line":65},"7":{"loc":{"start":{"line":72,"column":43},"end":{"line":72,"column":60}},"type":"default-arg","locations":[{"start":{"line":72,"column":55},"end":{"line":72,"column":60}}],"line":72},"8":{"loc":{"start":{"line":74,"column":33},"end":{"line":74,"column":67}},"type":"cond-expr","locations":[{"start":{"line":74,"column":45},"end":{"line":74,"column":62}},{"start":{"line":74,"column":65},"end":{"line":74,"column":67}}],"line":74}},"s":{"0":1,"1":3,"2":3,"3":3,"4":3,"5":3,"6":1,"7":1,"8":1,"9":0,"10":2,"11":1,"12":1,"13":0,"14":0,"15":0,"16":0,"17":0},"f":{"0":3,"1":0,"2":0},"b":{"0":[3,0],"1":[1,0],"2":[1,1],"3":[1,1],"4":[1,0],"5":[0],"6":[0,0],"7":[0],"8":[0,0]},"_coverageSchema":"1a1c01bbd47fc00a2c39e90264f33305004495a9","hash":"c0881f91efb2d6211b31d9dcd41f7ad981fac100"}
,"C:\\Users\\Utilisateur\\Documents\\Simplon\\opossum-mobile\\src\\services\\listing.service.ts": {"path":"C:\\Users\\Utilisateur\\Documents\\Simplon\\opossum-mobile\\src\\services\\listing.service.ts","statementMap":{"0":{"start":{"line":8,"column":35},"end":{"line":18,"column":1}},"1":{"start":{"line":9,"column":2},"end":{"line":17,"column":3}},"2":{"start":{"line":10,"column":21},"end":{"line":13,"column":6}},"3":{"start":{"line":14,"column":4},"end":{"line":14,"column":60}},"4":{"start":{"line":16,"column":4},"end":{"line":16,"column":16}},"5":{"start":{"line":20,"column":31},"end":{"line":57,"column":1}},"6":{"start":{"line":24,"column":2},"end":{"line":56,"column":3}},"7":{"start":{"line":25,"column":21},"end":{"line":30,"column":6}},"8":{"start":{"line":32,"column":21},"end":{"line":52,"column":7}},"9":{"start":{"line":32,"column":77},"end":{"line":52,"column":5}},"10":{"start":{"line":53,"column":4},"end":{"line":53,"column":20}},"11":{"start":{"line":55,"column":4},"end":{"line":55,"column":16}},"12":{"start":{"line":59,"column":29},"end":{"line":71,"column":1}},"13":{"start":{"line":60,"column":2},"end":{"line":70,"column":3}},"14":{"start":{"line":61,"column":21},"end":{"line":66,"column":6}},"15":{"start":{"line":67,"column":4},"end":{"line":67,"column":25}},"16":{"start":{"line":69,"column":4},"end":{"line":69,"column":16}},"17":{"start":{"line":73,"column":33},"end":{"line":133,"column":1}},"18":{"start":{"line":74,"column":2},"end":{"line":132,"column":3}},"19":{"start":{"line":75,"column":16},"end":{"line":75,"column":57}},"20":{"start":{"line":76,"column":4},"end":{"line":78,"column":5}},"21":{"start":{"line":77,"column":6},"end":{"line":77,"column":169}},"22":{"start":{"line":79,"column":21},"end":{"line":81,"column":6}},"23":{"start":{"line":82,"column":17},"end":{"line":82,"column":54}},"24":{"start":{"line":84,"column":4},"end":{"line":129,"column":6}},"25":{"start":{"line":106,"column":49},"end":{"line":106,"column":54}},"26":{"start":{"line":108,"column":40},"end":{"line":108,"column":93}},"27":{"start":{"line":109,"column":39},"end":{"line":109,"column":44}},"28":{"start":{"line":131,"column":4},"end":{"line":131,"column":16}},"29":{"start":{"line":135,"column":29},"end":{"line":169,"column":1}},"30":{"start":{"line":136,"column":2},"end":{"line":168,"column":3}},"31":{"start":{"line":137,"column":21},"end":{"line":142,"column":6}},"32":{"start":{"line":143,"column":17},"end":{"line":143,"column":54}},"33":{"start":{"line":144,"column":4},"end":{"line":164,"column":6}},"34":{"start":{"line":166,"column":4},"end":{"line":166,"column":83}},"35":{"start":{"line":167,"column":4},"end":{"line":167,"column":16}},"36":{"start":{"line":171,"column":29},"end":{"line":183,"column":1}},"37":{"start":{"line":172,"column":2},"end":{"line":182,"column":3}},"38":{"start":{"line":173,"column":21},"end":{"line":177,"column":6}},"39":{"start":{"line":178,"column":4},"end":{"line":178,"column":25}},"40":{"start":{"line":180,"column":4},"end":{"line":180,"column":83}},"41":{"start":{"line":181,"column":4},"end":{"line":181,"column":16}},"42":{"start":{"line":186,"column":32},"end":{"line":207,"column":1}},"43":{"start":{"line":198,"column":30},"end":{"line":198,"column":36}},"44":{"start":{"line":199,"column":19},"end":{"line":205,"column":3}},"45":{"start":{"line":206,"column":2},"end":{"line":206,"column":23}},"46":{"start":{"line":209,"column":35},"end":{"line":232,"column":1}},"47":{"start":{"line":223,"column":30},"end":{"line":223,"column":36}},"48":{"start":{"line":224,"column":19},"end":{"line":230,"column":3}},"49":{"start":{"line":231,"column":2},"end":{"line":231,"column":23}},"50":{"start":{"line":234,"column":29},"end":{"line":246,"column":1}},"51":{"start":{"line":241,"column":19},"end":{"line":244,"column":3}},"52":{"start":{"line":245,"column":2},"end":{"line":245,"column":23}},"53":{"start":{"line":249,"column":32},"end":{"line":263,"column":1}},"54":{"start":{"line":254,"column":19},"end":{"line":261,"column":3}},"55":{"start":{"line":262,"column":2},"end":{"line":262,"column":23}}},"fnMap":{"0":{"name":"(anonymous_0)","decl":{"start":{"line":8,"column":35},"end":{"line":8,"column":36}},"loc":{"start":{"line":8,"column":84},"end":{"line":18,"column":1}},"line":8},"1":{"name":"(anonymous_1)","decl":{"start":{"line":20,"column":31},"end":{"line":20,"column":32}},"loc":{"start":{"line":23,"column":21},"end":{"line":57,"column":1}},"line":23},"2":{"name":"(anonymous_2)","decl":{"start":{"line":32,"column":61},"end":{"line":32,"column":62}},"loc":{"start":{"line":32,"column":77},"end":{"line":52,"column":5}},"line":32},"3":{"name":"(anonymous_3)","decl":{"start":{"line":59,"column":29},"end":{"line":59,"column":30}},"loc":{"start":{"line":59,"column":79},"end":{"line":71,"column":1}},"line":59},"4":{"name":"(anonymous_4)","decl":{"start":{"line":73,"column":33},"end":{"line":73,"column":34}},"loc":{"start":{"line":73,"column":71},"end":{"line":133,"column":1}},"line":73},"5":{"name":"(anonymous_5)","decl":{"start":{"line":106,"column":32},"end":{"line":106,"column":33}},"loc":{"start":{"line":106,"column":49},"end":{"line":106,"column":54}},"line":106},"6":{"name":"(anonymous_6)","decl":{"start":{"line":108,"column":28},"end":{"line":108,"column":29}},"loc":{"start":{"line":108,"column":40},"end":{"line":108,"column":93}},"line":108},"7":{"name":"(anonymous_7)","decl":{"start":{"line":109,"column":22},"end":{"line":109,"column":23}},"loc":{"start":{"line":109,"column":39},"end":{"line":109,"column":44}},"line":109},"8":{"name":"(anonymous_8)","decl":{"start":{"line":135,"column":29},"end":{"line":135,"column":30}},"loc":{"start":{"line":135,"column":91},"end":{"line":169,"column":1}},"line":135},"9":{"name":"(anonymous_9)","decl":{"start":{"line":171,"column":29},"end":{"line":171,"column":30}},"loc":{"start":{"line":171,"column":66},"end":{"line":183,"column":1}},"line":171},"10":{"name":"(anonymous_10)","decl":{"start":{"line":186,"column":32},"end":{"line":186,"column":33}},"loc":{"start":{"line":197,"column":5},"end":{"line":207,"column":1}},"line":197},"11":{"name":"(anonymous_11)","decl":{"start":{"line":209,"column":35},"end":{"line":209,"column":36}},"loc":{"start":{"line":222,"column":5},"end":{"line":232,"column":1}},"line":222},"12":{"name":"(anonymous_12)","decl":{"start":{"line":234,"column":29},"end":{"line":234,"column":30}},"loc":{"start":{"line":240,"column":6},"end":{"line":246,"column":1}},"line":240},"13":{"name":"(anonymous_13)","decl":{"start":{"line":249,"column":32},"end":{"line":249,"column":33}},"loc":{"start":{"line":253,"column":6},"end":{"line":263,"column":1}},"line":253}},"branchMap":{"0":{"loc":{"start":{"line":11,"column":15},"end":{"line":11,"column":71}},"type":"cond-expr","locations":[{"start":{"line":11,"column":23},"end":{"line":11,"column":59}},{"start":{"line":11,"column":62},"end":{"line":11,"column":71}}],"line":11},"1":{"loc":{"start":{"line":32,"column":22},"end":{"line":32,"column":55}},"type":"binary-expr","locations":[{"start":{"line":32,"column":22},"end":{"line":32,"column":49}},{"start":{"line":32,"column":53},"end":{"line":32,"column":55}}],"line":32},"2":{"loc":{"start":{"line":35,"column":19},"end":{"line":35,"column":41}},"type":"binary-expr","locations":[{"start":{"line":35,"column":19},"end":{"line":35,"column":35}},{"start":{"line":35,"column":39},"end":{"line":35,"column":41}}],"line":35},"3":{"loc":{"start":{"line":39,"column":16},"end":{"line":39,"column":47}},"type":"binary-expr","locations":[{"start":{"line":39,"column":16},"end":{"line":39,"column":39}},{"start":{"line":39,"column":43},"end":{"line":39,"column":47}}],"line":39},"4":{"loc":{"start":{"line":40,"column":17},"end":{"line":40,"column":49}},"type":"binary-expr","locations":[{"start":{"line":40,"column":17},"end":{"line":40,"column":41}},{"start":{"line":40,"column":45},"end":{"line":40,"column":49}}],"line":40},"5":{"loc":{"start":{"line":41,"column":15},"end":{"line":41,"column":43}},"type":"binary-expr","locations":[{"start":{"line":41,"column":15},"end":{"line":41,"column":37}},{"start":{"line":41,"column":41},"end":{"line":41,"column":43}}],"line":41},"6":{"loc":{"start":{"line":42,"column":12},"end":{"line":42,"column":37}},"type":"binary-expr","locations":[{"start":{"line":42,"column":12},"end":{"line":42,"column":31}},{"start":{"line":42,"column":35},"end":{"line":42,"column":37}}],"line":42},"7":{"loc":{"start":{"line":43,"column":16},"end":{"line":43,"column":56}},"type":"binary-expr","locations":[{"start":{"line":43,"column":16},"end":{"line":43,"column":29}},{"start":{"line":43,"column":33},"end":{"line":43,"column":50}},{"start":{"line":43,"column":54},"end":{"line":43,"column":56}}],"line":43},"8":{"loc":{"start":{"line":44,"column":20},"end":{"line":44,"column":43}},"type":"binary-expr","locations":[{"start":{"line":44,"column":20},"end":{"line":44,"column":37}},{"start":{"line":44,"column":41},"end":{"line":44,"column":43}}],"line":44},"9":{"loc":{"start":{"line":45,"column":20},"end":{"line":45,"column":49}},"type":"binary-expr","locations":[{"start":{"line":45,"column":20},"end":{"line":45,"column":43}},{"start":{"line":45,"column":47},"end":{"line":45,"column":49}}],"line":45},"10":{"loc":{"start":{"line":46,"column":20},"end":{"line":46,"column":49}},"type":"binary-expr","locations":[{"start":{"line":46,"column":20},"end":{"line":46,"column":43}},{"start":{"line":46,"column":47},"end":{"line":46,"column":49}}],"line":46},"11":{"loc":{"start":{"line":47,"column":14},"end":{"line":47,"column":31}},"type":"binary-expr","locations":[{"start":{"line":47,"column":14},"end":{"line":47,"column":25}},{"start":{"line":47,"column":29},"end":{"line":47,"column":31}}],"line":47},"12":{"loc":{"start":{"line":76,"column":4},"end":{"line":78,"column":5}},"type":"if","locations":[{"start":{"line":76,"column":4},"end":{"line":78,"column":5}},{"start":{},"end":{}}],"line":76},"13":{"loc":{"start":{"line":80,"column":15},"end":{"line":80,"column":71}},"type":"cond-expr","locations":[{"start":{"line":80,"column":23},"end":{"line":80,"column":59}},{"start":{"line":80,"column":62},"end":{"line":80,"column":71}}],"line":80},"14":{"loc":{"start":{"line":87,"column":19},"end":{"line":87,"column":41}},"type":"binary-expr","locations":[{"start":{"line":87,"column":19},"end":{"line":87,"column":35}},{"start":{"line":87,"column":39},"end":{"line":87,"column":41}}],"line":87},"15":{"loc":{"start":{"line":91,"column":16},"end":{"line":91,"column":47}},"type":"binary-expr","locations":[{"start":{"line":91,"column":16},"end":{"line":91,"column":39}},{"start":{"line":91,"column":43},"end":{"line":91,"column":47}}],"line":91},"16":{"loc":{"start":{"line":92,"column":17},"end":{"line":92,"column":49}},"type":"binary-expr","locations":[{"start":{"line":92,"column":17},"end":{"line":92,"column":41}},{"start":{"line":92,"column":45},"end":{"line":92,"column":49}}],"line":92},"17":{"loc":{"start":{"line":93,"column":15},"end":{"line":93,"column":43}},"type":"binary-expr","locations":[{"start":{"line":93,"column":15},"end":{"line":93,"column":37}},{"start":{"line":93,"column":41},"end":{"line":93,"column":43}}],"line":93},"18":{"loc":{"start":{"line":94,"column":12},"end":{"line":94,"column":37}},"type":"binary-expr","locations":[{"start":{"line":94,"column":12},"end":{"line":94,"column":31}},{"start":{"line":94,"column":35},"end":{"line":94,"column":37}}],"line":94},"19":{"loc":{"start":{"line":95,"column":16},"end":{"line":102,"column":19}},"type":"cond-expr","locations":[{"start":{"line":96,"column":10},"end":{"line":101,"column":11}},{"start":{"line":102,"column":10},"end":{"line":102,"column":19}}],"line":95},"20":{"loc":{"start":{"line":97,"column":22},"end":{"line":97,"column":52}},"type":"binary-expr","locations":[{"start":{"line":97,"column":22},"end":{"line":97,"column":44}},{"start":{"line":97,"column":48},"end":{"line":97,"column":52}}],"line":97},"21":{"loc":{"start":{"line":98,"column":23},"end":{"line":98,"column":54}},"type":"binary-expr","locations":[{"start":{"line":98,"column":23},"end":{"line":98,"column":46}},{"start":{"line":98,"column":50},"end":{"line":98,"column":54}}],"line":98},"22":{"loc":{"start":{"line":99,"column":21},"end":{"line":99,"column":48}},"type":"binary-expr","locations":[{"start":{"line":99,"column":21},"end":{"line":99,"column":42}},{"start":{"line":99,"column":46},"end":{"line":99,"column":48}}],"line":99},"23":{"loc":{"start":{"line":100,"column":18},"end":{"line":100,"column":42}},"type":"binary-expr","locations":[{"start":{"line":100,"column":18},"end":{"line":100,"column":36}},{"start":{"line":100,"column":40},"end":{"line":100,"column":42}}],"line":100},"24":{"loc":{"start":{"line":103,"column":16},"end":{"line":103,"column":56}},"type":"binary-expr","locations":[{"start":{"line":103,"column":16},"end":{"line":103,"column":29}},{"start":{"line":103,"column":33},"end":{"line":103,"column":50}},{"start":{"line":103,"column":54},"end":{"line":103,"column":56}}],"line":103},"25":{"loc":{"start":{"line":104,"column":20},"end":{"line":104,"column":43}},"type":"binary-expr","locations":[{"start":{"line":104,"column":20},"end":{"line":104,"column":37}},{"start":{"line":104,"column":41},"end":{"line":104,"column":43}}],"line":104},"26":{"loc":{"start":{"line":105,"column":14},"end":{"line":110,"column":50}},"type":"cond-expr","locations":[{"start":{"line":106,"column":10},"end":{"line":106,"column":55}},{"start":{"line":107,"column":10},"end":{"line":110,"column":50}}],"line":105},"27":{"loc":{"start":{"line":107,"column":10},"end":{"line":110,"column":50}},"type":"cond-expr","locations":[{"start":{"line":108,"column":12},"end":{"line":109,"column":45}},{"start":{"line":110,"column":13},"end":{"line":110,"column":49}}],"line":107},"28":{"loc":{"start":{"line":108,"column":40},"end":{"line":108,"column":93}},"type":"cond-expr","locations":[{"start":{"line":108,"column":64},"end":{"line":108,"column":65}},{"start":{"line":108,"column":69},"end":{"line":108,"column":92}}],"line":108},"29":{"loc":{"start":{"line":108,"column":69},"end":{"line":108,"column":92}},"type":"binary-expr","locations":[{"start":{"line":108,"column":69},"end":{"line":108,"column":75}},{"start":{"line":108,"column":79},"end":{"line":108,"column":86}},{"start":{"line":108,"column":90},"end":{"line":108,"column":92}}],"line":108},"30":{"loc":{"start":{"line":110,"column":13},"end":{"line":110,"column":49}},"type":"cond-expr","locations":[{"start":{"line":110,"column":29},"end":{"line":110,"column":44}},{"start":{"line":110,"column":47},"end":{"line":110,"column":49}}],"line":110},"31":{"loc":{"start":{"line":111,"column":20},"end":{"line":111,"column":49}},"type":"binary-expr","locations":[{"start":{"line":111,"column":20},"end":{"line":111,"column":43}},{"start":{"line":111,"column":47},"end":{"line":111,"column":49}}],"line":111},"32":{"loc":{"start":{"line":112,"column":20},"end":{"line":112,"column":49}},"type":"binary-expr","locations":[{"start":{"line":112,"column":20},"end":{"line":112,"column":43}},{"start":{"line":112,"column":47},"end":{"line":112,"column":49}}],"line":112},"33":{"loc":{"start":{"line":113,"column":14},"end":{"line":113,"column":48}},"type":"binary-expr","locations":[{"start":{"line":113,"column":14},"end":{"line":113,"column":27}},{"start":{"line":113,"column":31},"end":{"line":113,"column":42}},{"start":{"line":113,"column":46},"end":{"line":113,"column":48}}],"line":113},"34":{"loc":{"start":{"line":114,"column":13},"end":{"line":114,"column":44}},"type":"binary-expr","locations":[{"start":{"line":114,"column":13},"end":{"line":114,"column":22}},{"start":{"line":114,"column":26},"end":{"line":114,"column":36}},{"start":{"line":114,"column":40},"end":{"line":114,"column":44}}],"line":114},"35":{"loc":{"start":{"line":115,"column":12},"end":{"line":125,"column":19}},"type":"cond-expr","locations":[{"start":{"line":116,"column":10},"end":{"line":124,"column":11}},{"start":{"line":125,"column":10},"end":{"line":125,"column":19}}],"line":115},"36":{"loc":{"start":{"line":121,"column":14},"end":{"line":123,"column":138}},"type":"cond-expr","locations":[{"start":{"line":122,"column":18},"end":{"line":122,"column":34}},{"start":{"line":123,"column":18},"end":{"line":123,"column":138}}],"line":121},"37":{"loc":{"start":{"line":121,"column":14},"end":{"line":121,"column":64}},"type":"binary-expr","locations":[{"start":{"line":121,"column":14},"end":{"line":121,"column":30}},{"start":{"line":121,"column":34},"end":{"line":121,"column":64}}],"line":121},"38":{"loc":{"start":{"line":123,"column":76},"end":{"line":123,"column":101}},"type":"binary-expr","locations":[{"start":{"line":123,"column":76},"end":{"line":123,"column":95}},{"start":{"line":123,"column":99},"end":{"line":123,"column":101}}],"line":123},"39":{"loc":{"start":{"line":123,"column":112},"end":{"line":123,"column":136}},"type":"binary-expr","locations":[{"start":{"line":123,"column":112},"end":{"line":123,"column":130}},{"start":{"line":123,"column":134},"end":{"line":123,"column":136}}],"line":123},"40":{"loc":{"start":{"line":147,"column":19},"end":{"line":147,"column":41}},"type":"binary-expr","locations":[{"start":{"line":147,"column":19},"end":{"line":147,"column":35}},{"start":{"line":147,"column":39},"end":{"line":147,"column":41}}],"line":147},"41":{"loc":{"start":{"line":151,"column":16},"end":{"line":151,"column":47}},"type":"binary-expr","locations":[{"start":{"line":151,"column":16},"end":{"line":151,"column":39}},{"start":{"line":151,"column":43},"end":{"line":151,"column":47}}],"line":151},"42":{"loc":{"start":{"line":152,"column":17},"end":{"line":152,"column":49}},"type":"binary-expr","locations":[{"start":{"line":152,"column":17},"end":{"line":152,"column":41}},{"start":{"line":152,"column":45},"end":{"line":152,"column":49}}],"line":152},"43":{"loc":{"start":{"line":153,"column":15},"end":{"line":153,"column":43}},"type":"binary-expr","locations":[{"start":{"line":153,"column":15},"end":{"line":153,"column":37}},{"start":{"line":153,"column":41},"end":{"line":153,"column":43}}],"line":153},"44":{"loc":{"start":{"line":154,"column":12},"end":{"line":154,"column":37}},"type":"binary-expr","locations":[{"start":{"line":154,"column":12},"end":{"line":154,"column":31}},{"start":{"line":154,"column":35},"end":{"line":154,"column":37}}],"line":154},"45":{"loc":{"start":{"line":155,"column":16},"end":{"line":155,"column":56}},"type":"binary-expr","locations":[{"start":{"line":155,"column":16},"end":{"line":155,"column":29}},{"start":{"line":155,"column":33},"end":{"line":155,"column":50}},{"start":{"line":155,"column":54},"end":{"line":155,"column":56}}],"line":155},"46":{"loc":{"start":{"line":156,"column":20},"end":{"line":156,"column":43}},"type":"binary-expr","locations":[{"start":{"line":156,"column":20},"end":{"line":156,"column":37}},{"start":{"line":156,"column":41},"end":{"line":156,"column":43}}],"line":156},"47":{"loc":{"start":{"line":157,"column":20},"end":{"line":157,"column":49}},"type":"binary-expr","locations":[{"start":{"line":157,"column":20},"end":{"line":157,"column":43}},{"start":{"line":157,"column":47},"end":{"line":157,"column":49}}],"line":157},"48":{"loc":{"start":{"line":158,"column":20},"end":{"line":158,"column":49}},"type":"binary-expr","locations":[{"start":{"line":158,"column":20},"end":{"line":158,"column":43}},{"start":{"line":158,"column":47},"end":{"line":158,"column":49}}],"line":158},"49":{"loc":{"start":{"line":159,"column":14},"end":{"line":159,"column":48}},"type":"binary-expr","locations":[{"start":{"line":159,"column":14},"end":{"line":159,"column":27}},{"start":{"line":159,"column":31},"end":{"line":159,"column":42}},{"start":{"line":159,"column":46},"end":{"line":159,"column":48}}],"line":159},"50":{"loc":{"start":{"line":160,"column":13},"end":{"line":160,"column":44}},"type":"binary-expr","locations":[{"start":{"line":160,"column":13},"end":{"line":160,"column":22}},{"start":{"line":160,"column":26},"end":{"line":160,"column":36}},{"start":{"line":160,"column":40},"end":{"line":160,"column":44}}],"line":160},"51":{"loc":{"start":{"line":166,"column":43},"end":{"line":166,"column":81}},"type":"binary-expr","locations":[{"start":{"line":166,"column":43},"end":{"line":166,"column":64}},{"start":{"line":166,"column":68},"end":{"line":166,"column":81}}],"line":166},"52":{"loc":{"start":{"line":180,"column":43},"end":{"line":180,"column":81}},"type":"binary-expr","locations":[{"start":{"line":180,"column":43},"end":{"line":180,"column":64}},{"start":{"line":180,"column":68},"end":{"line":180,"column":81}}],"line":180},"53":{"loc":{"start":{"line":203,"column":15},"end":{"line":203,"column":64}},"type":"cond-expr","locations":[{"start":{"line":203,"column":23},"end":{"line":203,"column":59}},{"start":{"line":203,"column":62},"end":{"line":203,"column":64}}],"line":203},"54":{"loc":{"start":{"line":228,"column":15},"end":{"line":228,"column":64}},"type":"cond-expr","locations":[{"start":{"line":228,"column":23},"end":{"line":228,"column":59}},{"start":{"line":228,"column":62},"end":{"line":228,"column":64}}],"line":228}},"s":{"0":2,"1":1,"2":1,"3":1,"4":0,"5":2,"6":1,"7":1,"8":1,"9":1,"10":1,"11":0,"12":2,"13":1,"14":1,"15":1,"16":0,"17":2,"18":1,"19":1,"20":1,"21":0,"22":1,"23":1,"24":1,"25":0,"26":0,"27":0,"28":0,"29":2,"30":1,"31":1,"32":1,"33":1,"34":0,"35":0,"36":2,"37":1,"38":1,"39":1,"40":0,"41":0,"42":2,"43":0,"44":0,"45":0,"46":2,"47":0,"48":0,"49":0,"50":2,"51":0,"52":0,"53":2,"54":0,"55":0},"f":{"0":1,"1":1,"2":1,"3":1,"4":1,"5":0,"6":0,"7":0,"8":1,"9":1,"10":0,"11":0,"12":0,"13":0},"b":{"0":[0,1],"1":[1,0],"2":[1,1],"3":[1,1],"4":[1,1],"5":[1,1],"6":[1,1],"7":[1,1,1],"8":[1,1],"9":[1,1],"10":[1,1],"11":[1,1],"12":[0,1],"13":[1,0],"14":[1,1],"15":[1,1],"16":[1,1],"17":[1,1],"18":[1,1],"19":[0,1],"20":[0,0],"21":[0,0],"22":[0,0],"23":[0,0],"24":[1,1,1],"25":[1,1],"26":[0,1],"27":[0,1],"28":[0,0],"29":[0,0,0],"30":[0,1],"31":[1,1],"32":[1,1],"33":[1,1,1],"34":[1,1,1],"35":[0,1],"36":[0,0],"37":[0,0],"38":[0,0],"39":[0,0],"40":[1,1],"41":[1,1],"42":[1,1],"43":[1,1],"44":[1,1],"45":[1,1,1],"46":[1,1],"47":[1,1],"48":[1,1],"49":[1,1,1],"50":[1,1,1],"51":[0,0],"52":[0,0],"53":[0,0],"54":[0,0]},"_coverageSchema":"1a1c01bbd47fc00a2c39e90264f33305004495a9","hash":"1773f3a1f1b938e2aad21ce79b1f80b17491e35e"}
,"C:\\Users\\Utilisateur\\Documents\\Simplon\\opossum-mobile\\src\\services\\message.service.ts": {"path":"C:\\Users\\Utilisateur\\Documents\\Simplon\\opossum-mobile\\src\\services\\message.service.ts","statementMap":{"0":{"start":{"line":31,"column":2},"end":{"line":64,"column":3}},"1":{"start":{"line":32,"column":19},"end":{"line":35,"column":6}},"2":{"start":{"line":37,"column":4},"end":{"line":37,"column":42}},"3":{"start":{"line":37,"column":14},"end":{"line":37,"column":42}},"4":{"start":{"line":38,"column":4},"end":{"line":38,"column":48}},"5":{"start":{"line":38,"column":16},"end":{"line":38,"column":48}},"6":{"start":{"line":39,"column":4},"end":{"line":39,"column":48}},"7":{"start":{"line":39,"column":16},"end":{"line":39,"column":48}},"8":{"start":{"line":41,"column":16},"end":{"line":41,"column":69}},"9":{"start":{"line":43,"column":21},"end":{"line":50,"column":6}},"10":{"start":{"line":52,"column":4},"end":{"line":55,"column":5}},"11":{"start":{"line":53,"column":24},"end":{"line":53,"column":45}},"12":{"start":{"line":54,"column":6},"end":{"line":54,"column":75}},"13":{"start":{"line":57,"column":17},"end":{"line":57,"column":38}},"14":{"start":{"line":59,"column":4},"end":{"line":59,"column":30}},"15":{"start":{"line":62,"column":4},"end":{"line":62,"column":62}},"16":{"start":{"line":63,"column":4},"end":{"line":63,"column":81}},"17":{"start":{"line":79,"column":2},"end":{"line":104,"column":3}},"18":{"start":{"line":80,"column":45},"end":{"line":83,"column":5}},"19":{"start":{"line":84,"column":21},"end":{"line":92,"column":6}},"20":{"start":{"line":94,"column":4},"end":{"line":97,"column":5}},"21":{"start":{"line":95,"column":24},"end":{"line":95,"column":45}},"22":{"start":{"line":96,"column":6},"end":{"line":96,"column":75}},"23":{"start":{"line":99,"column":19},"end":{"line":99,"column":40}},"24":{"start":{"line":100,"column":4},"end":{"line":100,"column":18}},"25":{"start":{"line":102,"column":4},"end":{"line":102,"column":61}},"26":{"start":{"line":103,"column":4},"end":{"line":103,"column":16}},"27":{"start":{"line":119,"column":2},"end":{"line":145,"column":3}},"28":{"start":{"line":120,"column":44},"end":{"line":123,"column":5}},"29":{"start":{"line":125,"column":21},"end":{"line":133,"column":6}},"30":{"start":{"line":135,"column":4},"end":{"line":138,"column":5}},"31":{"start":{"line":136,"column":24},"end":{"line":136,"column":45}},"32":{"start":{"line":137,"column":6},"end":{"line":137,"column":75}},"33":{"start":{"line":140,"column":19},"end":{"line":140,"column":40}},"34":{"start":{"line":141,"column":4},"end":{"line":141,"column":18}},"35":{"start":{"line":143,"column":4},"end":{"line":143,"column":53}},"36":{"start":{"line":144,"column":4},"end":{"line":144,"column":16}},"37":{"start":{"line":159,"column":2},"end":{"line":184,"column":3}},"38":{"start":{"line":160,"column":16},"end":{"line":160,"column":96}},"39":{"start":{"line":162,"column":21},"end":{"line":169,"column":6}},"40":{"start":{"line":171,"column":4},"end":{"line":174,"column":5}},"41":{"start":{"line":172,"column":24},"end":{"line":172,"column":45}},"42":{"start":{"line":173,"column":6},"end":{"line":173,"column":75}},"43":{"start":{"line":176,"column":17},"end":{"line":176,"column":38}},"44":{"start":{"line":179,"column":4},"end":{"line":179,"column":30}},"45":{"start":{"line":182,"column":4},"end":{"line":182,"column":65}},"46":{"start":{"line":183,"column":4},"end":{"line":183,"column":72}},"47":{"start":{"line":198,"column":2},"end":{"line":223,"column":3}},"48":{"start":{"line":199,"column":16},"end":{"line":199,"column":101}},"49":{"start":{"line":201,"column":21},"end":{"line":208,"column":6}},"50":{"start":{"line":210,"column":4},"end":{"line":213,"column":5}},"51":{"start":{"line":211,"column":24},"end":{"line":211,"column":45}},"52":{"start":{"line":212,"column":6},"end":{"line":212,"column":75}},"53":{"start":{"line":215,"column":19},"end":{"line":215,"column":40}},"54":{"start":{"line":218,"column":4},"end":{"line":218,"column":18}},"55":{"start":{"line":221,"column":4},"end":{"line":221,"column":65}},"56":{"start":{"line":222,"column":4},"end":{"line":222,"column":67}},"57":{"start":{"line":235,"column":2},"end":{"line":255,"column":3}},"58":{"start":{"line":236,"column":21},"end":{"line":243,"column":6}},"59":{"start":{"line":245,"column":4},"end":{"line":248,"column":5}},"60":{"start":{"line":246,"column":24},"end":{"line":246,"column":45}},"61":{"start":{"line":247,"column":6},"end":{"line":247,"column":75}},"62":{"start":{"line":250,"column":19},"end":{"line":250,"column":40}},"63":{"start":{"line":251,"column":4},"end":{"line":251,"column":18}},"64":{"start":{"line":253,"column":4},"end":{"line":253,"column":64}},"65":{"start":{"line":254,"column":4},"end":{"line":254,"column":76}},"66":{"start":{"line":267,"column":2},"end":{"line":288,"column":3}},"67":{"start":{"line":269,"column":21},"end":{"line":276,"column":6}},"68":{"start":{"line":278,"column":4},"end":{"line":281,"column":5}},"69":{"start":{"line":279,"column":24},"end":{"line":279,"column":45}},"70":{"start":{"line":280,"column":6},"end":{"line":280,"column":75}},"71":{"start":{"line":283,"column":19},"end":{"line":283,"column":40}},"72":{"start":{"line":284,"column":4},"end":{"line":284,"column":18}},"73":{"start":{"line":286,"column":4},"end":{"line":286,"column":55}},"74":{"start":{"line":287,"column":4},"end":{"line":287,"column":64}},"75":{"start":{"line":300,"column":2},"end":{"line":320,"column":3}},"76":{"start":{"line":302,"column":21},"end":{"line":310,"column":6}},"77":{"start":{"line":312,"column":25},"end":{"line":312,"column":46}},"78":{"start":{"line":313,"column":4},"end":{"line":315,"column":5}},"79":{"start":{"line":314,"column":6},"end":{"line":314,"column":68}},"80":{"start":{"line":316,"column":4},"end":{"line":316,"column":24}},"81":{"start":{"line":318,"column":4},"end":{"line":318,"column":55}},"82":{"start":{"line":319,"column":4},"end":{"line":319,"column":61}}},"fnMap":{"0":{"name":"getMyMessageListings","decl":{"start":{"line":23,"column":22},"end":{"line":23,"column":42}},"loc":{"start":{"line":30,"column":43},"end":{"line":65,"column":1}},"line":30},"1":{"name":"contactListingOwner","decl":{"start":{"line":73,"column":22},"end":{"line":73,"column":41}},"loc":{"start":{"line":78,"column":33},"end":{"line":105,"column":1}},"line":78},"2":{"name":"sendMessage","decl":{"start":{"line":113,"column":22},"end":{"line":113,"column":33}},"loc":{"start":{"line":118,"column":32},"end":{"line":146,"column":1}},"line":118},"3":{"name":"getListingConversations","decl":{"start":{"line":153,"column":22},"end":{"line":153,"column":45}},"loc":{"start":{"line":158,"column":34},"end":{"line":185,"column":1}},"line":158},"4":{"name":"getConversationMessages","decl":{"start":{"line":192,"column":22},"end":{"line":192,"colu
[...]
,"C:\\Users\\Utilisateur\\Documents\\Simplon\\opossum-mobile\\src\\services\\user.service.ts": {"path":"C:\\Users\\Utilisateur\\Documents\\Simplon\\opossum-mobile\\src\\services\\user.service.ts","statementMap":{"0":{"start":{"line":3,"column":32},"end":{"line":15,"column":1}},"1":{"start":{"line":4,"column":2},"end":{"line":14,"column":3}},"2":{"start":{"line":5,"column":21},"end":{"line":5,"column":71}},"3":{"start":{"line":6,"column":4},"end":{"line":6,"column":25}},"4":{"start":{"line":8,"column":4},"end":{"line":12,"column":5}},"5":{"start":{"line":9,"column":6},"end":{"line":9,"column":81}},"6":{"start":{"line":11,"column":6},"end":{"line":11,"column":58}},"7":{"start":{"line":13,"column":4},"end":{"line":13,"column":14}},"8":{"start":{"line":17,"column":30},"end":{"line":44,"column":1}},"9":{"start":{"line":19,"column":14},"end":{"line":19,"column":95}},"10":{"start":{"line":20,"column":42},"end":{"line":20,"column":80}},"11":{"start":{"line":21,"column":2},"end":{"line":21,"column":58}},"12":{"start":{"line":21,"column":13},"end":{"line":21,"column":58}},"13":{"start":{"line":22,"column":19},"end":{"line":22,"column":63}},"14":{"start":{"line":23,"column":17},"end":{"line":23,"column":38}},"15":{"start":{"line":24,"column":2},"end":{"line":24,"column":125}},"16":{"start":{"line":24,"column":39},"end":{"line":24,"column":125}},"17":{"start":{"line":25,"column":15},"end":{"line":25,"column":26}},"18":{"start":{"line":26,"column":2},"end":{"line":28,"column":3}},"19":{"start":{"line":27,"column":4},"end":{"line":27,"column":16}},"20":{"start":{"line":29,"column":21},"end":{"line":42,"column":3}},"21":{"start":{"line":43,"column":2},"end":{"line":43,"column":20}},"22":{"start":{"line":54,"column":31},"end":{"line":62,"column":1}},"23":{"start":{"line":55,"column":2},"end":{"line":61,"column":3}},"24":{"start":{"line":56,"column":16},"end":{"line":56,"column":49}},"25":{"start":{"line":57,"column":21},"end":{"line":57,"column":41}},"26":{"start":{"line":58,"column":4},"end":{"line":58,"column":25}},"27":{"start":{"line":60,"column":4},"end":{"line":60,"column":30}},"28":{"start":{"line":64,"column":33},"end":{"line":85,"column":1}},"29":{"start":{"line":68,"column":2},"end":{"line":84,"column":3}},"30":{"start":{"line":69,"column":21},"end":{"line":80,"column":6}},"31":{"start":{"line":81,"column":4},"end":{"line":81,"column":25}},"32":{"start":{"line":83,"column":4},"end":{"line":83,"column":30}},"33":{"start":{"line":88,"column":34},"end":{"line":111,"column":1}},"34":{"start":{"line":93,"column":2},"end":{"line":110,"column":3}},"35":{"start":{"line":94,"column":21},"end":{"line":101,"column":6}},"36":{"start":{"line":102,"column":19},"end":{"line":102,"column":40}},"37":{"start":{"line":103,"column":4},"end":{"line":105,"column":5}},"38":{"start":{"line":104,"column":6},"end":{"line":104,"column":93}},"39":{"start":{"line":106,"column":4},"end":{"line":106,"column":18}},"40":{"start":{"line":108,"column":4},"end":{"line":108,"column":30}},"41":{"start":{"line":109,"column":4},"end":{"line":109,"column":16}},"42":{"start":{"line":113,"column":39},"end":{"line":141,"column":1}},"43":{"start":{"line":114,"column":19},"end":{"line":120,"column":4}},"44":{"start":{"line":121,"column":2},"end":{"line":121,"column":32}},"45":{"start":{"line":121,"column":20},"end":{"line":121,"column":32}},"46":{"start":{"line":122,"column":14},"end":{"line":122,"column":35}},"47":{"start":{"line":123,"column":2},"end":{"line":123,"column":51}},"48":{"start":{"line":123,"column":39},"end":{"line":123,"column":51}},"49":{"start":{"line":124,"column":15},"end":{"line":124,"column":72}},"50":{"start":{"line":126,"column":2},"end":{"line":140,"column":4}},"51":{"start":{"line":143,"column":33},"end":{"line":155,"column":1}},"52":{"start":{"line":144,"column":2},"end":{"line":154,"column":3}},"53":{"start":{"line":145,"column":21},"end":{"line":150,"column":6}},"54":{"start":{"line":151,"column":4},"end":{"line":151,"column":25}},"55":{"start":{"line":153,"column":4},"end":{"line":153,"column":30}}},"fnMap":{"0":{"name":"(anonymous_0)","decl":{"start":{"line":3,"column":32},"end":{"line":3,"column":33}},"loc":{"start":{"line":3,"column":58},"end":{"line":15,"column":1}},"line":3},"1":{"name":"(anonymous_1)","decl":{"start":{"line":17,"column":30},"end":{"line":17,"column":31}},"loc":{"start":{"line":17,"column":68},"end":{"line":44,"column":1}},"line":17},"2":{"name":"(anonymous_2)","decl":{"start":{"line":54,"column":31},"end":{"line":54,"column":32}},"loc":{"start":{"line":54,"column":56},"end":{"line":62,"column":1}},"line":54},"3":{"name":"(anonymous_3)","decl":{"start":{"line":64,"column":33},"end":{"line":64,"column":34}},"loc":{"start":{"line":67,"column":5},"end":{"line":85,"column":1}},"line":67},"4":{"name":"(anonymous_4)","decl":{"start":{"line":88,"column":34},"end":{"line":88,"column":35}},"loc":{"start":{"line":92,"column":5},"end":{"line":111,"column":1}},"line":92},"5":{"name":"(anonymous_5)","decl":{"start":{"line":113,"column":39},"end":{"line":113,"column":40}},"loc":{"start":{"line":113,"column":86},"end":{"line":141,"column":1}},"line":113},"6":{"name":"(anonymous_6)","decl":{"start":{"line":143,"column":33},"end":{"line":143,"column":34}},"loc":{"start":{"line":143,"column":83},"end":{"line":155,"column":1}},"line":143}},"branchMap":{"0":{"loc":{"start":{"line":8,"column":4},"end":{"line":12,"column":5}},"type":"if","locations":[{"start":{"line":8,"column":4},"end":{"line":12,"column":5}},{"start":{"line":10,"column":11},"end":{"line":12,"column":5}}],"line":8},"1":{"loc":{"start":{"line":19,"column":14},"end":{"line":19,"column":95}},"type":"cond-expr","locations":[{"start":{"line":19,"column":28},"end":{"line":19,"column":45}},{"start":{"line":19,"column":48},"end":{"line":19,"column":95}}],"line":19},"2":{"loc":{"start":{"line":21,"column":2},"end":{"line":21,"column":58}},"type":"if","locations":[{"start":{"line":21,"column":2},"end":{"line":21,"column":58}},{"start":{},"end":{}}],"line":21},"3":{"loc":{"start":{"line":24,"column":2},"end":{"line":24,"column":125}},"type":"if","locations":[{"start":{"line":24,"column":2},"end":{"line":24,"column":125}},{"start":{},"end":{}}],"line":24},"4":{"loc":{"start":{"line":24,"column":6},"end":{"line":24,"column":37}},"type":"binary-expr","locations":[{"start":{"line":24,"column":6},"end":{"line":24,"column":18}},{"start":{"line":24,"column":22},"end":{"line":24,"column":37}}],"line":24},"5":{"loc":{"start":{"line":24,"column":55},"end":{"line":24,"column":123}},"type":"binary-expr","locations":[{"start":{"line":24,"column":55},"end":{"line":24,"column":77}},{"start":{"line":24,"column":81},"end":{"line":24,"column":123}}],"line":24},"6":{"loc":{"start":{"line":26,"column":2},"end":{"line":28,"column":3}},"type":"if","locations":[{"start":{"line":26,"column":2},"end":{"line":28,"column":3}},{"start":{},"end":{}}],"line":26},"7":{"loc":{"start":{"line":26,"column":6},"end":{"line":26,"column":39}},"type":"binary-expr","locations":[{"start":{"line":26,"column":6},"end":{"line":26,"column":11}},{"start":{"line":26,"column":15},"end":{"line":26,"column":39}}],"line":26},"8":{"loc":{"start":{"line":31,"column":11},"end":{"line":31,"column":27}},"type":"binary-expr","locations":[{"start":{"line":31,"column":11},"end":{"line":31,"column":21}},{"start":{"line":31,"column":25},"end":{"line":31,"column":27}}],"line":31},"9":{"loc":{"start":{"line":32,"column":21},"end":{"line":32,"column":71}},"type":"binary-expr","locations":[{"start":{"line":32,"column":21},"end":{"line":32,"column":39}},{"start":{"line":32,"column":43},"end":{"line":32,"column":63}},{"start":{"line":32,"column":67},"end":{"line":32,"column":71}}],"line":32},"10":{"loc":{"start":{"line":33,"column":15},"end":{"line":33,"column":53}},"type":"binary-expr","locations":[{"start":{"line":33,"column":15},"end":{"line":33,"column":29}},{"start":{"line":33,"column":33},"end":{"line":33,"column":47}},{"start":{"line":33,"column":51},"end":{"line":33,"column":53}}],"line":33},"11":{"loc":{"start":{"line":34,"column":14},"end":{"line":34,"column":50}},"type":"binary-expr","locations":[{"start":{"line":34,"column":14},"end":{"line":34,"column":27}},{"start":{"line":34,"column":31},"end":{"line":34,"column":44}},{"start":{"line":34,"column":48},"end":{"line":34,"column":50}}],"line":34},"12":{"loc":{"start":{"line":35,"column":14},"end":{"line":35,"column":50}},"type":"binary-expr","locations":[{"start":{"line":35,"column":14},"end":{"line":35,"column":25}},{"start":{"line":35,"column":29},"end":{"line":35,"column":42}},{"start":{"line":35,"column":46},"end":{"line":35,"column":50}}],"line":35},"13":{"loc":{"start":{"line":36,"column":11},"end":{"line":36,"column":30}},"type":"binary-expr","locations":[{"start":{"line":36,"column":11},"end":{"line":36,"column":20}},{"start":{"line":36,"column":24},"end":{"line":36,"column":30}}],"line":36},"14":{"loc":{"start":{"line":37,"column":15},"end":{"line":37,"column":69}},"type":"cond-expr","locations":[{"start":{"line":37,"column":32},"end":{"line":37,"column":56}},{"start":{"line":37,"column":59},"end":{"line":37,"column":69}}],"line":37},"15":{"loc":{"start":{"line":38,"column":15},"end":{"line":38,"column":69}},"type":"cond-expr","locations":[{"start":{"line":38,"column":32},"end":{"line":38,"column":56}},{"start":{"line":38,"column":59},"end":{"line":38,"column":69}}],"line":38},"16":{"loc":{"start":{"line":39,"column":11},"end":{"line":39,"column":55}},"type":"cond-expr","locations":[{"start":{"line":39,"column":32},"end":{"line":39,"column":50}},{"start":{"line":39,"column":53},"end":{"line":39,"column":55}}],"line":39},"17":{"loc":{"start":{"line":40,"column":12},"end":{"line":40,"column":47}},"type":"binary-expr","locations":[{"start":{"line":40,"column":12},"end":{"line":40,"column":23}},{"start":{"line":40,"column":27},"end":{"line":40,"column":41}},{"start":{"line":40,"column":45},"end":{"line":40,"column":47}}],"line":40},"18":{"loc":{"start":{"line":41,"column":17},"end":{"line":41,"column":74}},"type":"cond-expr","locations":[{"start":{"line":41,"column":36},"end":{"line":41,"column":62}},{"start":{"line":41,"column":65},"end":{"line":41,"column":74}}],"line":41},"19":{"loc":{"start":{"line":103,"column":4},"end":{"line":105,"column":5}},"type":"if","locations":[{"start":{"line":103,"column":4},"end":{"line":105,"column":5}},{"start":{},"end":{}}],"line":103},"20":{"loc":{"start":{"line":103,"column":8},"end":{"line":103,"column":39}},"type":"binary-expr","locations":[{"start":{"line":103,"column":8},"end":{"line":103,"column":20}},{"start":{"line":103,"column":24},"end":{"line":103,"column":39}}],"line":103},"21":{"loc":{"start":{"line":104,"column":22},"end":{"line":104,"column":91}},"type":"binary-expr","locations":[{"start":{"line":104,"column":22},"end":{"line":104,"column":44}},{"start":{"line":104,"column":48},"end":{"line":104,"column":91}}],"line":104},"22":{"loc":{"start":{"line":121,"column":2},"end":{"line":121,"column":32}},"type":"if","locations":[{"start":{"line":121,"column":2},"end":{"line":121,"column":32}},{"start":{},"end":{}}],"line":121},"23":{"loc":{"start":{"line":123,"column":2},"end":{"line":123,"column":51}},"type":"if","locations":[{"start":{"line":123,"column":2},"end":{"line":123,"column":51}},{"start":{},"end":{}}],"line":123},"24":{"loc":{"start":{"line":123,"column":6},"end":{"line":123,"column":37}},"type":"binary-expr","locations":[{"start":{"line":123,"column":6},"end":{"line":123,"column":10}},{"start":{"line":123,"column":14},"end":{"line":123,"column":37}}],"line":123},"25":{"loc":{"start":{"line":124,"column":15},"end":{"line":124,"column":72}},"type":"cond-expr","locations":[{"start":{"line":124,"column":58},"end":{"line":124,"column":66}},{"start":{"line":124,"column":69},"end":{"line":124,"column":72}}],"line":124},"26":{"loc":{"start":{"line":124,"column":15},"end":{"line":124,"column":55}},"type":"binary-expr","locations":[{"start":{"line":124,"column":15},"end":{"line":124,"column":23}},{"start":{"line":124,"column":27},"end":{"line":124,"column":55}}],"line":124},"27":{"loc":{"start":{"line":128,"column":11},"end":{"line":128,"column":27}},"type":"binary-expr","locations":[{"start":{"line":128,"column":11},"end":{"line":128,"column":21}},{"start":{"line":128,"column":25},"end":{"line":128,"column":27}}],"line":128},"28":{"loc":{"start":{"line":129,"column":21},"end":{"line":129,"column":71}},"type":"binary-expr","locations":[{"start":{"line":129,"column":21},"end":{"line":129,"column":39}},{"start":{"line":129,"column":43},"end":{"line":129,"column":63}},{"start":{"line":129,"column":67},"end":{"line":129,"column":71}}],"line":129},"29":{"loc":{"start":{"line":130,"column":15},"end":{"line":130,"column":53}},"type":"binary-expr","locations":[{"start":{"line":130,"column":15},"end":{"line":130,"column":29}},{"start":{"line":130,"column":33},"end":{"line":130,"column":47}},{"start":{"line":130,"column":51},"end":{"line":130,"column":53}}],"line":130},"30":{"loc":{"start":{"line":131,"column":14},"end":{"line":131,"column":50}},"type":"binary-expr","locations":[{"start":{"line":131,"column":14},"end":{"line":131,"column":27}},{"start":{"line":131,"column":31},"end":{"line":131,"column":44}},{"start":{"line":131,"column":48},"end":{"line":131,"column":50}}],"line":131},"31":{"loc":{"start":{"line":132,"column":14},"end":{"line":132,"column":50}},"type":"binary-expr","locations":[{"start":{"line":132,"column":14},"end":{"line":132,"column":25}},{"start":{"line":132,"column":29},"end":{"line":132,"column":42}},{"start":{"line":132,"column":46},"end":{"line":132,"column":50}}],"line":132},"32":{"loc":{"start":{"line":133,"column":11},"end":{"line":133,"column":30}},"type":"binary-expr","locations":[{"start":{"line":133,"column":11},"end":{"line":133,"column":20}},{"start":{"line":133,"column":24},"end":{"line":133,"column":30}}],"line":133},"33":{"loc":{"start":{"line":134,"column":15},"end":{"line":134,"column":69}},"type":"cond-expr","locations":[{"start":{"line":134,"column":32},"end":{"line":134,"column":56}},{"start":{"line":134,"column":59},"end":{"line":134,"column":69}}],"line":134},"34":{"loc":{"start":{"line":135,"column":15},"end":{"line":135,"column":69}},"type":"cond-expr","locations":[{"start":{"line":135,"column":32},"end":{"line":135,"column":56}},{"start":{"line":135,"column":59},"end":{"line":135,"column":69}}],"line":135},"35":{"loc":{"start":{"line":136,"column":11},"end":{"line":136,"column":55}},"type":"cond-expr","locations":[{"start":{"line":136,"column":32},"end":{"line":136,"column":50}},{"start":{"line":136,"column":53},"end":{"line":136,"column":55}}],"line":136},"36":{"loc":{"start":{"line":137,"column":12},"end":{"line":137,"column":47}},"type":"binary-expr","locations":[{"start":{"line":137,"column":12},"end":{"line":137,"column":23}},{"start":{"line":137,"column":27},"end":{"line":137,"column":41}},{"start":{"line":137,"column":45},"end":{"line":137,"column":47}}],"line":137},"37":{"loc":{"start":{"line":138,"column":17},"end":{"line":138,"column":74}},"type":"cond-expr","locations":[{"start":{"line":138,"column":36},"end":{"line":138,"column":62}},{"start":{"line":138,"column":65},"end":{"line":138,"column":74}}],"line":138},"38":{"loc":{"start":{"line":139,"column":12},"end":{"line":139,"column":36}},"type":"binary-expr","locations":[{"start":{"line":139,"column":12},"end":{"line":139,"column":23}},{"start":{"line":139,"column":27},"end":{"line":139,"column":36}}],"line":139}},"s":{"0":1,"1":1,"2":1,"3":1,"4":0,"5":0,"6":0,"7":0,"8":1,"9":2,"10":2,"11":2,"12":2,"13":2,"14":2,"15":2,"16":0,"17":2,"18":2,"19":0,"20":2,"21":2,"22":1,"23":1,"24":1,"25":1,"26":1,"27":0,"28":1,"29":1,"30":1,"31":1,"32":0,"33":1,"34":1,"35":1,"36":1,"37":1,"38":0,"39":1,"40":0,"41":0,"42":1,"43":1,"44":1,"45":0,"46":1,"47":1,"48":0,"49":1,"50":1,"51":1,"52":1,"53":1,"54":1,"55":0},"f":{"0":1,"1":2,"2":1,"3":1,"4":1,"5":1,"6":1},"b":{"0":[0,0],"1":[1,1],"2":[2,0],"3":[0,2],"4":[2,2],"5":[0,0],"6":[0,2],"7":[2,2],"8":[2,0],"9":[2,2,2],"10":[2,0,0],"11":[2,0,0],"12":[2,2,2],"13":[2,2],"14":[0,2],"15":[0,2],"16":[0,2],"17":[2,2,2],"18":[0,2],"19":[0,1],"20":[1,1],"21":[0,0],"22":[0,1],"23":[0,1],"24":[1,1],"25":[1,0],"26":[1,1],"27":[1,0],"28":[1,1,1],"29":[1,0,0],"30":[1,0,0],"31":[1,1,1],"32":[1,1],"33":[0,1],"34":[0,1],"35":[0,1],"36":[1,1,1],"37":[0,1],"38":[1,1]},"_coverageSchema":"1a1c01bbd47fc00a2c39e90264f33305004495a9","hash":"796d826c115eefb6eeabd66b2f4593737bf486d3"}
,"C:\\Users\\Utilisateur\\Documents\\Simplon\\opossum-mobile\\src\\utils\\geocode.ts": {"path":"C:\\Users\\Utilisateur\\Documents\\Simplon\\opossum-mobile\\src\\utils\\geocode.ts","statementMap":{"0":{"start":{"line":3,"column":16},"end":{"line":3,"column":65}},"1":{"start":{"line":4,"column":14},"end":{"line":4,"column":89}},"2":{"start":{"line":5,"column":14},"end":{"line":5,"column":79}},"3":{"start":{"line":6,"column":15},"end":{"line":6,"column":31}},"4":{"start":{"line":7,"column":2},"end":{"line":12,"column":3}},"5":{"start":{"line":8,"column":4},"end":{"line":11,"column":6}},"6":{"start":{"line":13,"column":2},"end":{"line":13,"column":14}}},"fnMap":{"0":{"name":"geocodeAddress","decl":{"start":{"line":2,"column":22},"end":{"line":2,"column":36}},"loc":{"start":{"line":2,"column":125},"end":{"line":14,"column":1}},"line":2}},"branchMap":{"0":{"loc":{"start":{"line":7,"column":2},"end":{"line":12,"column":3}},"type":"if","locations":[{"start":{"line":7,"column":2},"end":{"line":12,"column":3}},{"start":{},"end":{}}],"line":7},"1":{"loc":{"start":{"line":7,"column":6},"end":{"line":7,"column":29}},"type":"binary-expr","locations":[{"start":{"line":7,"column":6},"end":{"line":7,"column":10}},{"start":{"line":7,"column":14},"end":{"line":7,"column":29}}],"line":7}},"s":{"0":0,"1":0,"2":0,"3":0,"4":0,"5":0,"6":0},"f":{"0":0},"b":{"0":[0,0],"1":[0,0]},"_coverageSchema":"1a1c01bbd47fc00a2c39e90264f33305004495a9","hash":"ae1e8e98253ca41fdd671fd1c47a4a895ebdbb87"}
,"C:\\Users\\Utilisateur\\Documents\\Simplon\\opossum-mobile\\src\\utils\\networkErrorHandler.ts": {"path":"C:\\Users\\Utilisateur\\Documents\\Simplon\\opossum-mobile\\src\\utils\\networkErrorHandler.ts","statementMap":{"0":{"start":{"line":6,"column":2},"end":{"line":23,"column":3}},"1":{"start":{"line":12,"column":4},"end":{"line":16,"column":7}},"2":{"start":{"line":18,"column":4},"end":{"line":22,"column":7}}},"fnMap":{"0":{"name":"handleNetworkError","decl":{"start":{"line":5,"column":16},"end":{"line":5,"column":34}},"loc":{"start":{"line":5,"column":47},"end":{"line":24,"column":1}},"line":5}},"branchMap":{"0":{"loc":{"start":{"line":6,"column":2},"end":{"line":23,"column":3}},"type":"if","locations":[{"start":{"line":6,"column":2},"end":{"line":23,"column":3}},{"start":{"line":17,"column":9},"end":{"line":23,"column":3}}],"line":6},"1":{"loc":{"start":{"line":7,"column":4},"end":{"line":10,"column":33}},"type":"binary-expr","locations":[{"start":{"line":7,"column":4},"end":{"line":7,"column":39}},{"start":{"line":8,"column":4},"end":{"line":8,"column":47}},{"start":{"line":9,"column":4},"end":{"line":9,"column":34}},{"start":{"line":10,"column":4},"end":{"line":10,"column":33}}],"line":7},"2":{"loc":{"start":{"line":21,"column":13},"end":{"line":21,"column":57}},"type":"binary-expr","locations":[{"start":{"line":21,"column":13},"end":{"line":21,"column":27}},{"start":{"line":21,"column":31},"end":{"line":21,"column":57}}],"line":21}},"s":{"0":4,"1":0,"2":4},"f":{"0":4},"b":{"0":[0,4],"1":[4,4,4,4],"2":[4,0]},"_coverageSchema":"1a1c01bbd47fc00a2c39e90264f33305004495a9","hash":"bfc35acc4a2c3fd24046b4e4e91e15d32bf8f549"}
}
