TN:
SF:src\config\api.ts
FN:18,(anonymous_0)
FN:29,(anonymous_1)
FN:31,(anonymous_2)
FN:32,(anonymous_3)
FN:40,(anonymous_4)
FN:41,(anonymous_5)
FN:42,(anonymous_6)
FN:43,(anonymous_7)
FN:44,(anonymous_8)
FN:45,(anonymous_9)
FN:46,(anonymous_10)
FNF:11
FNH:11
FNDA:1,(anonymous_0)
FNDA:1,(anonymous_1)
FNDA:1,(anonymous_2)
FNDA:1,(anonymous_3)
FNDA:1,(anonymous_4)
FNDA:1,(anonymous_5)
FNDA:1,(anonymous_6)
FNDA:1,(anonymous_7)
FNDA:1,(anonymous_8)
FNDA:1,(anonymous_9)
FNDA:1,(anonymous_10)
DA:3,0
DA:7,9
DA:17,9
DA:18,1
DA:26,9
DA:29,1
DA:31,1
DA:32,1
DA:38,9
DA:40,1
DA:41,1
DA:42,1
DA:43,1
DA:44,1
DA:45,1
DA:46,1
LF:16
LH:15
BRF:0
BRH:0
end_of_record
TN:
SF:src\hooks\useListingImages.ts
FN:5,useListingImages
FN:10,(anonymous_1)
FN:22,(anonymous_2)
FN:34,(anonymous_3)
FN:49,(anonymous_4)
FN:50,(anonymous_5)
FN:50,(anonymous_6)
FNF:7
FNH:7
FNDA:6,useListingImages
FNDA:2,(anonymous_1)
FNDA:3,(anonymous_2)
FNDA:1,(anonymous_3)
FNDA:1,(anonymous_4)
FNDA:1,(anonymous_5)
FNDA:2,(anonymous_6)
DA:6,6
DA:7,6
DA:8,6
DA:10,6
DA:11,2
DA:12,2
DA:13,2
DA:14,2
DA:21,2
DA:22,2
DA:23,3
DA:24,3
DA:25,3
DA:26,1
DA:28,2
DA:34,1
DA:37,1
DA:38,0
DA:39,1
DA:40,0
DA:42,1
DA:45,2
DA:49,6
DA:50,2
DA:53,6
LF:25
LH:23
BRDA:21,0,0,2
BRDA:21,0,1,0
BRDA:21,1,0,2
BRDA:21,1,1,2
BRDA:21,1,2,2
BRDA:23,2,0,0
BRDA:23,2,1,3
BRDA:25,3,0,1
BRDA:25,3,1,2
BRDA:26,4,0,1
BRDA:26,4,1,0
BRDA:29,5,0,2
BRDA:29,5,1,0
BRDA:30,6,0,2
BRDA:30,6,1,0
BRDA:31,7,0,2
BRDA:31,7,1,0
BRDA:37,8,0,0
BRDA:37,8,1,1
BRDA:37,9,0,1
BRDA:37,9,1,1
BRDA:39,10,0,0
BRDA:39,10,1,1
BRDA:42,11,0,1
BRDA:42,11,1,0
BRF:25
BRH:16
end_of_record
TN:
SF:src\hooks\useListingLocation.ts
FN:6,useListingLocation
FN:11,(anonymous_1)
FN:13,(anonymous_2)
FN:24,(anonymous_3)
FNF:4
FNH:2
FNDA:6,useListingLocation
FNDA:2,(anonymous_1)
FNDA:0,(anonymous_2)
FNDA:0,(anonymous_3)
DA:7,6
DA:8,6
DA:9,6
DA:11,6
DA:12,2
DA:13,0
DA:14,0
DA:15,0
DA:16,0
DA:17,0
DA:18,0
DA:24,6
DA:25,0
DA:26,0
DA:27,0
DA:28,0
DA:29,0
DA:31,0
DA:32,0
DA:34,0
DA:35,0
DA:36,0
DA:38,0
DA:39,0
DA:40,0
DA:41,0
DA:43,0
DA:48,0
DA:49,0
DA:53,0
DA:55,0
DA:56,0
DA:60,6
LF:33
LH:7
BRDA:12,0,0,0
BRDA:12,0,1,2
BRDA:15,1,0,0
BRDA:15,1,1,0
BRDA:17,2,0,0
BRDA:17,2,1,0
BRDA:26,3,0,0
BRDA:26,3,1,0
BRDA:27,4,0,0
BRDA:27,4,1,0
BRDA:34,5,0,0
BRDA:34,5,1,0
BRDA:34,6,0,0
BRDA:34,6,1,0
BRDA:39,7,0,0
BRDA:39,7,1,0
BRDA:48,8,0,0
BRDA:48,8,1,0
BRDA:50,9,0,0
BRDA:50,9,1,0
BRF:20
BRH:1
end_of_record
TN:
SF:src\services\auth.password.ts
FN:5,resetPassword
FN:51,forgotPassword
FNF:2
FNH:2
FNDA:2,resetPassword
FNDA:2,forgotPassword
DA:6,2
DA:7,2
DA:12,2
DA:13,2
DA:14,2
DA:15,2
DA:16,2
DA:18,0
DA:20,2
DA:22,1
DA:28,1
DA:30,1
DA:32,0
DA:38,0
DA:41,1
DA:43,1
DA:45,1
DA:46,1
DA:52,2
DA:53,2
DA:58,2
DA:59,2
DA:60,2
DA:61,2
DA:63,0
DA:65,2
DA:67,1
DA:72,1
DA:75,1
DA:77,1
DA:79,1
DA:80,1
LF:32
LH:28
BRDA:16,0,0,2
BRDA:16,0,1,0
BRDA:20,1,0,1
BRDA:20,1,1,1
BRDA:22,2,0,1
BRDA:22,2,1,0
BRDA:22,2,2,0
BRDA:22,2,3,0
BRDA:22,3,0,1
BRDA:22,3,1,0
BRDA:22,4,0,1
BRDA:22,4,1,1
BRDA:22,4,2,1
BRDA:22,4,3,1
BRDA:22,4,4,1
BRDA:22,4,5,1
BRDA:25,5,0,0
BRDA:25,5,1,0
BRDA:25,6,0,0
BRDA:25,6,1,0
BRDA:25,6,2,0
BRDA:30,7,0,0
BRDA:30,7,1,1
BRDA:30,8,0,1
BRDA:30,8,1,1
BRDA:30,8,2,1
BRDA:30,8,3,1
BRDA:32,9,0,0
BRDA:32,9,1,0
BRDA:32,9,2,0
BRDA:32,9,3,0
BRDA:32,10,0,0
BRDA:32,10,1,0
BRDA:32,11,0,0
BRDA:32,11,1,0
BRDA:32,11,2,0
BRDA:32,11,3,0
BRDA:32,11,4,0
BRDA:32,11,5,0
BRDA:35,12,0,0
BRDA:35,12,1,0
BRDA:35,13,0,0
BRDA:35,13,1,0
BRDA:35,13,2,0
BRDA:41,14,0,1
BRDA:41,14,1,0
BRDA:41,15,0,1
BRDA:41,15,1,0
BRDA:41,16,0,1
BRDA:41,16,1,1
BRDA:41,16,2,1
BRDA:61,17,0,2
BRDA:61,17,1,0
BRDA:65,18,0,1
BRDA:65,18,1,1
BRDA:65,19,0,2
BRDA:65,19,1,1
BRDA:65,20,0,1
BRDA:65,20,1,1
BRDA:65,20,2,1
BRDA:65,20,3,1
BRDA:67,21,0,1
BRDA:67,21,1,0
BRDA:67,21,2,0
BRDA:67,22,0,1
BRDA:67,22,1,0
BRDA:67,23,0,1
BRDA:67,23,1,1
BRDA:67,23,2,1
BRDA:67,23,3,1
BRDA:67,23,4,1
BRDA:67,23,5,1
BRDA:70,24,0,0
BRDA:70,24,1,0
BRDA:70,25,0,0
BRDA:70,25,1,0
BRDA:70,25,2,0
BRDA:75,26,0,1
BRDA:75,26,1,0
BRDA:75,27,0,1
BRDA:75,27,1,0
BRDA:75,28,0,1
BRDA:75,28,1,1
BRDA:75,28,2,1
BRF:84
BRH:43
end_of_record
TN:
SF:src\services\auth.register.ts
FN:6,register
FNF:1
FNH:1
FNDA:2,register
DA:7,2
DA:9,2
DA:15,2
DA:17,2
DA:22,2
DA:23,2
DA:25,1
DA:28,1
DA:30,1
DA:31,1
DA:32,1
DA:35,1
DA:36,1
DA:37,1
DA:40,1
DA:41,1
DA:42,1
DA:43,1
DA:46,1
DA:63,1
DA:64,1
LF:21
LH:21
BRDA:15,0,0,1
BRDA:15,0,1,1
BRDA:23,1,0,1
BRDA:23,1,1,1
BRDA:25,2,0,1
BRDA:25,2,1,0
BRDA:25,2,2,0
BRDA:30,3,0,1
BRDA:30,3,1,0
BRDA:31,4,0,1
BRDA:31,4,1,0
BRDA:31,5,0,1
BRDA:31,5,1,1
BRDA:35,6,0,1
BRDA:35,6,1,0
BRDA:36,7,0,1
BRDA:36,7,1,0
BRDA:36,8,0,1
BRDA:36,8,1,1
BRDA:40,9,0,1
BRDA:40,9,1,0
BRDA:42,10,0,1
BRDA:42,10,1,0
BRDA:42,11,0,1
BRDA:42,11,1,1
BRDA:54,12,0,1
BRDA:54,12,1,0
BRF:27
BRH:18
end_of_record
TN:
SF:src\services\auth.service.ts
FN:8,decodeJWT
FN:17,(anonymous_1)
FN:29,login
FN:78,logout
FN:121,refreshAccessToken
FNF:5
FNH:5
FNDA:1,decodeJWT
FNDA:12,(anonymous_1)
FNDA:2,login
FNDA:1,logout
FNDA:1,refreshAccessToken
DA:9,1
DA:10,1
DA:12,1
DA:13,1
DA:14,1
DA:18,12
DA:22,1
DA:24,0
DA:30,2
DA:32,2
DA:38,2
DA:40,2
DA:42,1
DA:45,1
DA:49,1
DA:50,1
DA:51,1
DA:52,1
DA:54,1
DA:55,1
DA:57,1
DA:58,1
DA:60,1
DA:61,1
DA:62,1
DA:63,1
DA:67,1
DA:73,1
DA:74,1
DA:79,1
DA:81,1
DA:82,1
DA:84,1
DA:93,1
DA:94,1
DA:95,1
DA:96,1
DA:99,0
DA:103,1
DA:104,1
DA:105,1
DA:109,1
DA:110,0
DA:113,1
DA:114,1
DA:116,0
DA:117,0
DA:122,1
DA:123,1
DA:128,1
DA:129,1
DA:130,0
DA:131,0
DA:134,1
DA:135,1
DA:136,1
DA:139,1
DA:140,1
DA:141,1
DA:144,1
DA:145,1
DA:146,1
DA:147,1
DA:150,1
DA:156,0
DA:157,0
LF:66
LH:57
BRDA:40,0,0,1
BRDA:40,0,1,1
BRDA:42,1,0,1
BRDA:42,1,1,0
BRDA:42,1,2,0
BRDA:49,2,0,1
BRDA:49,2,1,0
BRDA:54,3,0,1
BRDA:54,3,1,0
BRDA:54,4,0,1
BRDA:54,4,1,1
BRDA:57,5,0,1
BRDA:57,5,1,0
BRDA:57,6,0,1
BRDA:57,6,1,1
BRDA:60,7,0,1
BRDA:60,7,1,0
BRDA:62,8,0,1
BRDA:62,8,1,0
BRDA:62,9,0,1
BRDA:62,9,1,1
BRDA:96,10,0,1
BRDA:96,10,1,0
BRDA:109,11,0,0
BRDA:109,11,1,1
BRDA:113,12,0,1
BRDA:113,12,1,0
BRDA:113,13,0,1
BRDA:113,13,1,0
BRDA:113,14,0,1
BRDA:113,14,1,1
BRDA:113,14,2,1
BRDA:129,15,0,0
BRDA:129,15,1,1
BRDA:129,16,0,1
BRDA:129,16,1,1
BRDA:130,17,0,0
BRDA:130,17,1,0
BRDA:130,17,2,0
BRDA:134,18,0,1
BRDA:134,18,1,0
BRDA:135,19,0,1
BRDA:135,19,1,0
BRDA:135,20,0,1
BRDA:135,20,1,1
BRDA:139,21,0,1
BRDA:139,21,1,0
BRDA:140,22,0,1
BRDA:140,22,1,0
BRDA:140,23,0,1
BRDA:140,23,1,1
BRDA:144,24,0,1
BRDA:144,24,1,0
BRDA:146,25,0,1
BRDA:146,25,1,0
BRDA:146,26,0,1
BRDA:146,26,1,1
BRF:57
BRH:36
end_of_record
TN:
SF:src\services\files.service.ts
FN:23,(anonymous_0)
FN:63,downloadFile
FN:72,getFileUrl
FNF:3
FNH:1
FNDA:3,(anonymous_0)
FNDA:0,downloadFile
FNDA:0,getFileUrl
DA:23,1
DA:24,3
DA:26,3
DA:27,3
DA:33,3
DA:34,3
DA:40,1
DA:41,1
DA:42,1
DA:44,0
DA:47,2
DA:48,1
DA:54,1
DA:64,0
DA:65,0
DA:66,0
DA:73,0
DA:74,0
LF:18
LH:12
BRDA:26,0,0,3
BRDA:26,0,1,0
BRDA:41,1,0,1
BRDA:41,1,1,0
BRDA:41,2,0,1
BRDA:41,2,1,1
BRDA:47,3,0,1
BRDA:47,3,1,1
BRDA:56,4,0,1
BRDA:56,4,1,0
BRDA:63,5,0,0
BRDA:65,6,0,0
BRDA:65,6,1,0
BRDA:72,7,0,0
BRDA:74,8,0,0
BRDA:74,8,1,0
BRF:16
BRH:7
end_of_record
TN:
SF:src\services\listing.service.ts
FN:8,(anonymous_0)
FN:20,(anonymous_1)
FN:32,(anonymous_2)
FN:59,(anonymous_3)
FN:73,(anonymous_4)
FN:106,(anonymous_5)
FN:108,(anonymous_6)
FN:109,(anonymous_7)
FN:135,(anonymous_8)
FN:171,(anonymous_9)
FN:186,(anonymous_10)
FN:209,(anonymous_11)
FN:234,(anonymous_12)
FN:249,(anonymous_13)
FNF:14
FNH:7
FNDA:1,(anonymous_0)
FNDA:1,(anonymous_1)
FNDA:1,(anonymous_2)
FNDA:1,(anonymous_3)
FNDA:1,(anonymous_4)
FNDA:0,(anonymous_5)
FNDA:0,(anonymous_6)
FNDA:0,(anonymous_7)
FNDA:1,(anonymous_8)
FNDA:1,(anonymous_9)
FNDA:0,(anonymous_10)
FNDA:0,(anonymous_11)
FNDA:0,(anonymous_12)
FNDA:0,(anonymous_13)
DA:8,2
DA:9,1
DA:10,1
DA:14,1
DA:16,0
DA:20,2
DA:24,1
DA:25,1
DA:32,1
DA:53,1
DA:55,0
DA:59,2
DA:60,1
DA:61,1
DA:67,1
DA:69,0
DA:73,2
DA:74,1
DA:75,1
DA:76,1
DA:77,0
DA:79,1
DA:82,1
DA:84,1
DA:106,0
DA:108,0
DA:109,0
DA:131,0
DA:135,2
DA:136,1
DA:137,1
DA:143,1
DA:144,1
DA:166,0
DA:167,0
DA:171,2
DA:172,1
DA:173,1
DA:178,1
DA:180,0
DA:181,0
DA:186,2
DA:198,0
DA:199,0
DA:206,0
DA:209,2
DA:223,0
DA:224,0
DA:231,0
DA:234,2
DA:241,0
DA:245,0
DA:249,2
DA:254,0
DA:262,0
LF:55
LH:33
BRDA:11,0,0,0
BRDA:11,0,1,1
BRDA:32,1,0,1
BRDA:32,1,1,0
BRDA:35,2,0,1
BRDA:35,2,1,1
BRDA:39,3,0,1
BRDA:39,3,1,1
BRDA:40,4,0,1
BRDA:40,4,1,1
BRDA:41,5,0,1
BRDA:41,5,1,1
BRDA:42,6,0,1
BRDA:42,6,1,1
BRDA:43,7,0,1
BRDA:43,7,1,1
BRDA:43,7,2,1
BRDA:44,8,0,1
BRDA:44,8,1,1
BRDA:45,9,0,1
BRDA:45,9,1,1
BRDA:46,10,0,1
BRDA:46,10,1,1
BRDA:47,11,0,1
BRDA:47,11,1,1
BRDA:76,12,0,0
BRDA:76,12,1,1
BRDA:80,13,0,1
BRDA:80,13,1,0
BRDA:87,14,0,1
BRDA:87,14,1,1
BRDA:91,15,0,1
BRDA:91,15,1,1
BRDA:92,16,0,1
BRDA:92,16,1,1
BRDA:93,17,0,1
BRDA:93,17,1,1
BRDA:94,18,0,1
BRDA:94,18,1,1
BRDA:95,19,0,0
BRDA:95,19,1,1
BRDA:97,20,0,0
BRDA:97,20,1,0
BRDA:98,21,0,0
BRDA:98,21,1,0
BRDA:99,22,0,0
BRDA:99,22,1,0
BRDA:100,23,0,0
BRDA:100,23,1,0
BRDA:103,24,0,1
BRDA:103,24,1,1
BRDA:103,24,2,1
BRDA:104,25,0,1
BRDA:104,25,1,1
BRDA:105,26,0,0
BRDA:105,26,1,1
BRDA:107,27,0,0
BRDA:107,27,1,1
BRDA:108,28,0,0
BRDA:108,28,1,0
BRDA:108,29,0,0
BRDA:108,29,1,0
BRDA:108,29,2,0
BRDA:110,30,0,0
BRDA:110,30,1,1
BRDA:111,31,0,1
BRDA:111,31,1,1
BRDA:112,32,0,1
BRDA:112,32,1,1
BRDA:113,33,0,1
BRDA:113,33,1,1
BRDA:113,33,2,1
BRDA:114,34,0,1
BRDA:114,34,1,1
BRDA:114,34,2,1
BRDA:115,35,0,0
BRDA:115,35,1,1
BRDA:121,36,0,0
BRDA:121,36,1,0
BRDA:121,37,0,0
BRDA:121,37,1,0
BRDA:123,38,0,0
BRDA:123,38,1,0
BRDA:123,39,0,0
BRDA:123,39,1,0
BRDA:147,40,0,1
BRDA:147,40,1,1
BRDA:151,41,0,1
BRDA:151,41,1,1
BRDA:152,42,0,1
BRDA:152,42,1,1
BRDA:153,43,0,1
BRDA:153,43,1,1
BRDA:154,44,0,1
BRDA:154,44,1,1
BRDA:155,45,0,1
BRDA:155,45,1,1
BRDA:155,45,2,1
BRDA:156,46,0,1
BRDA:156,46,1,1
BRDA:157,47,0,1
BRDA:157,47,1,1
BRDA:158,48,0,1
BRDA:158,48,1,1
BRDA:159,49,0,1
BRDA:159,49,1,1
BRDA:159,49,2,1
BRDA:160,50,0,1
BRDA:160,50,1,1
BRDA:160,50,2,1
BRDA:166,51,0,0
BRDA:166,51,1,0
BRDA:180,52,0,0
BRDA:180,52,1,0
BRDA:203,53,0,0
BRDA:203,53,1,0
BRDA:228,54,0,0
BRDA:228,54,1,0
BRF:118
BRH:80
end_of_record
TN:
SF:src\services\message.service.ts
FN:23,getMyMessageListings
FN:73,contactListingOwner
FN:113,sendMessage
FN:153,getListingConversations
FN:192,getConversationMessages
FN:231,markConversationAsRead
FN:263,deleteMessage
FN:295,reportMessage
FNF:8
FNH:8
FNDA:1,getMyMessageListings
FNDA:1,contactListingOwner
FNDA:1,sendMessage
FNDA:1,getListingConversations
FNDA:1,getConversationMessages
FNDA:1,markConversationAsRead
FNDA:1,deleteMessage
FNDA:1,reportMessage
DA:31,1
DA:32,1
DA:37,1
DA:38,1
DA:39,1
DA:41,1
DA:43,1
DA:52,1
DA:53,0
DA:54,0
DA:57,1
DA:59,1
DA:62,0
DA:63,0
DA:79,1
DA:80,1
DA:84,1
DA:94,1
DA:95,0
DA:96,0
DA:99,1
DA:100,1
DA:102,0
DA:103,0
DA:119,1
DA:120,1
DA:125,1
DA:135,1
DA:136,0
DA:137,0
DA:140,1
DA:141,1
DA:143,0
DA:144,0
DA:159,1
DA:160,1
DA:162,1
DA:171,1
DA:172,0
DA:173,0
DA:176,1
DA:179,1
DA:182,0
DA:183,0
DA:198,1
DA:199,1
DA:201,1
DA:210,1
DA:211,0
DA:212,0
DA:215,1
DA:218,1
DA:221,0
DA:222,0
DA:235,1
DA:236,1
DA:245,1
DA:246,0
DA:247,0
DA:250,1
DA:251,1
DA:253,0
DA:254,0
DA:267,1
DA:269,1
DA:278,1
DA:279,0
DA:280,0
DA:283,1
DA:284,1
DA:286,0
DA:287,0
DA:300,1
DA:302,1
DA:312,1
DA:313,1
DA:314,0
DA:316,1
DA:318,0
DA:319,0
LF:80
LH:49
BRDA:25,0,0,1
BRDA:26,1,0,1
BRDA:37,2,0,0
BRDA:37,2,1,1
BRDA:38,3,0,0
BRDA:38,3,1,1
BRDA:39,4,0,0
BRDA:39,4,1,1
BRDA:52,5,0,0
BRDA:52,5,1,1
BRDA:59,6,0,1
BRDA:59,6,1,0
BRDA:94,7,0,0
BRDA:94,7,1,1
BRDA:135,8,0,0
BRDA:135,8,1,1
BRDA:156,9,0,1
BRDA:157,10,0,1
BRDA:171,11,0,0
BRDA:171,11,1,1
BRDA:179,12,0,1
BRDA:179,12,1,0
BRDA:195,13,0,1
BRDA:196,14,0,1
BRDA:210,15,0,0
BRDA:210,15,1,1
BRDA:245,16,0,0
BRDA:245,16,1,1
BRDA:278,17,0,0
BRDA:278,17,1,1
BRDA:309,18,0,1
BRDA:309,18,1,0
BRDA:313,19,0,0
BRDA:313,19,1,1
BRF:34
BRH:20
end_of_record
TN:
SF:src\services\token.helper.ts
FN:9,getValidAccessToken
FN:50,refreshToken
FNF:2
FNH:2
FNDA:4,getValidAccessToken
FNDA:3,refreshToken
DA:10,4
DA:11,4
DA:13,4
DA:14,4
DA:16,4
DA:18,2
DA:19,2
DA:20,2
DA:22,1
DA:27,1
DA:28,1
DA:29,0
DA:30,0
DA:32,0
DA:33,0
DA:36,0
DA:37,0
DA:38,0
DA:40,0
DA:43,1
DA:44,1
DA:45,1
DA:46,1
DA:51,3
DA:56,3
DA:57,2
DA:59,1
DA:62,1
DA:64,1
LF:29
LH:21
BRDA:16,0,0,2
BRDA:16,0,1,2
BRDA:16,1,0,4
BRDA:16,1,1,2
BRDA:18,2,0,2
BRDA:18,2,1,0
BRDA:20,3,0,1
BRDA:20,3,1,1
BRDA:29,4,0,0
BRDA:29,4,1,0
BRDA:29,5,0,0
BRDA:29,5,1,0
BRDA:32,6,0,0
BRDA:32,6,1,0
BRDA:32,7,0,0
BRDA:32,7,1,0
BRDA:37,8,0,0
BRDA:37,8,1,0
BRDA:37,9,0,0
BRDA:37,9,1,0
BRDA:57,10,0,1
BRDA:57,10,1,1
BRDA:57,11,0,2
BRDA:57,11,1,1
BRDA:59,12,0,1
BRDA:59,12,1,0
BRDA:59,12,2,0
BRF:27
BRH:12
end_of_record
TN:
SF:src\services\user.service.ts
FN:3,(anonymous_0)
FN:17,(anonymous_1)
FN:54,(anonymous_2)
FN:64,(anonymous_3)
FN:88,(anonymous_4)
FN:113,(anonymous_5)
FN:143,(anonymous_6)
FNF:7
FNH:7
FNDA:1,(anonymous_0)
FNDA:2,(anonymous_1)
FNDA:1,(anonymous_2)
FNDA:1,(anonymous_3)
FNDA:1,(anonymous_4)
FNDA:1,(anonymous_5)
FNDA:1,(anonymous_6)
DA:3,1
DA:4,1
DA:5,1
DA:6,1
DA:8,0
DA:9,0
DA:11,0
DA:13,0
DA:17,1
DA:19,2
DA:20,2
DA:21,2
DA:22,2
DA:23,2
DA:24,2
DA:25,2
DA:26,2
DA:27,0
DA:29,2
DA:43,2
DA:54,1
DA:55,1
DA:56,1
DA:57,1
DA:58,1
DA:60,0
DA:64,1
DA:68,1
DA:69,1
DA:81,1
DA:83,0
DA:88,1
DA:93,1
DA:94,1
DA:102,1
DA:103,1
DA:104,0
DA:106,1
DA:108,0
DA:109,0
DA:113,1
DA:114,1
DA:121,1
DA:122,1
DA:123,1
DA:124,1
DA:126,1
DA:143,1
DA:144,1
DA:145,1
DA:151,1
DA:153,0
LF:52
LH:41
BRDA:8,0,0,0
BRDA:8,0,1,0
BRDA:19,1,0,1
BRDA:19,1,1,1
BRDA:21,2,0,2
BRDA:21,2,1,0
BRDA:24,3,0,0
BRDA:24,3,1,2
BRDA:24,4,0,2
BRDA:24,4,1,2
BRDA:24,5,0,0
BRDA:24,5,1,0
BRDA:26,6,0,0
BRDA:26,6,1,2
BRDA:26,7,0,2
BRDA:26,7,1,2
BRDA:31,8,0,2
BRDA:31,8,1,0
BRDA:32,9,0,2
BRDA:32,9,1,2
BRDA:32,9,2,2
BRDA:33,10,0,2
BRDA:33,10,1,0
BRDA:33,10,2,0
BRDA:34,11,0,2
BRDA:34,11,1,0
BRDA:34,11,2,0
BRDA:35,12,0,2
BRDA:35,12,1,2
BRDA:35,12,2,2
BRDA:36,13,0,2
BRDA:36,13,1,2
BRDA:37,14,0,0
BRDA:37,14,1,2
BRDA:38,15,0,0
BRDA:38,15,1,2
BRDA:39,16,0,0
BRDA:39,16,1,2
BRDA:40,17,0,2
BRDA:40,17,1,2
BRDA:40,17,2,2
BRDA:41,18,0,0
BRDA:41,18,1,2
BRDA:103,19,0,0
BRDA:103,19,1,1
BRDA:103,20,0,1
BRDA:103,20,1,1
BRDA:104,21,0,0
BRDA:104,21,1,0
BRDA:121,22,0,0
BRDA:121,22,1,1
BRDA:123,23,0,0
BRDA:123,23,1,1
BRDA:123,24,0,1
BRDA:123,24,1,1
BRDA:124,25,0,1
BRDA:124,25,1,0
BRDA:124,26,0,1
BRDA:124,26,1,1
BRDA:128,27,0,1
BRDA:128,27,1,0
BRDA:129,28,0,1
BRDA:129,28,1,1
BRDA:129,28,2,1
BRDA:130,29,0,1
BRDA:130,29,1,0
BRDA:130,29,2,0
BRDA:131,30,0,1
BRDA:131,30,1,0
BRDA:131,30,2,0
BRDA:132,31,0,1
BRDA:132,31,1,1
BRDA:132,31,2,1
BRDA:133,32,0,1
BRDA:133,32,1,1
BRDA:134,33,0,0
BRDA:134,33,1,1
BRDA:135,34,0,0
BRDA:135,34,1,1
BRDA:136,35,0,0
BRDA:136,35,1,1
BRDA:137,36,0,1
BRDA:137,36,1,1
BRDA:137,36,2,1
BRDA:138,37,0,0
BRDA:138,37,1,1
BRDA:139,38,0,1
BRDA:139,38,1,1
BRF:88
BRH:57
end_of_record
TN:
SF:src\utils\geocode.ts
FN:2,geocodeAddress
FNF:1
FNH:0
FNDA:0,geocodeAddress
DA:3,0
DA:4,0
DA:5,0
DA:6,0
DA:7,0
DA:8,0
DA:13,0
LF:7
LH:0
BRDA:7,0,0,0
BRDA:7,0,1,0
BRDA:7,1,0,0
BRDA:7,1,1,0
BRF:4
BRH:0
end_of_record
TN:
SF:src\utils\networkErrorHandler.ts
FN:5,handleNetworkError
FNF:1
FNH:1
FNDA:4,handleNetworkError
DA:6,4
DA:12,0
DA:18,4
LF:3
LH:2
BRDA:6,0,0,0
BRDA:6,0,1,4
BRDA:7,1,0,4
BRDA:7,1,1,4
BRDA:7,1,2,4
BRDA:7,1,3,4
BRDA:21,2,0,4
BRDA:21,2,1,0
BRF:8
BRH:6
end_of_record
